<?xml version="1.0" encoding="UTF-8"?>
<!-- Generated by org.testng.reporters.JUnitXMLReporter -->
<testsuite hostname="MININT-UM25UFB" ignored="0" name="Test" tests="14" failures="14" timestamp="2020-09-23T08:52:11 EDT" time="276.836" errors="0">
  <testcase name="TC_01_validate_clear_cart_hyperlink_in_the_shopping_cart_page" time="0.2" classname="com.dollardays.testcases.AddToCartPPETestcase">
    <failure type="java.lang.NullPointerException">
      <![CDATA[java.lang.NullPointerException
at com.dollardays.testcases.AddToCartPPETestcase.TC_01_validate_clear_cart_hyperlink_in_the_shopping_cart_page(AddToCartPPETestcase.java:32)
at java.util.ArrayList.forEach(ArrayList.java:1259)
... Removed 27 stack frames]]>
    </failure>
  </testcase> <!-- TC_01_validate_clear_cart_hyperlink_in_the_shopping_cart_page -->
  <testcase name="TC_02_validate_the_user_is_able_to_add_one_item_from_ppe_category_throught_product_page_and_verify_cart_icon" time="0.0" classname="com.dollardays.testcases.AddToCartPPETestcase">
    <failure type="java.lang.NullPointerException">
      <![CDATA[java.lang.NullPointerException
at com.dollardays.testcases.AddToCartPPETestcase.TC_02_validate_the_user_is_able_to_add_one_item_from_ppe_category_throught_product_page_and_verify_cart_icon(AddToCartPPETestcase.java:58)
at java.util.ArrayList.forEach(ArrayList.java:1259)
... Removed 27 stack frames]]>
    </failure>
  </testcase> <!-- TC_02_validate_the_user_is_able_to_add_one_item_from_ppe_category_throught_product_page_and_verify_cart_icon -->
  <testcase name="TC_03_Validate_the_user_is_able_to_add_one_item_to_the_cart_from_PPE_and_Mask_category_and_verify_cart_icon" time="0.0" classname="com.dollardays.testcases.AddToCartPPETestcase">
    <failure type="java.lang.NullPointerException">
      <![CDATA[java.lang.NullPointerException
at com.dollardays.testcases.AddToCartPPETestcase.TC_03_Validate_the_user_is_able_to_add_one_item_to_the_cart_from_PPE_and_Mask_category_and_verify_cart_icon(AddToCartPPETestcase.java:105)
at java.util.ArrayList.forEach(ArrayList.java:1259)
... Removed 27 stack frames]]>
    </failure>
  </testcase> <!-- TC_03_Validate_the_user_is_able_to_add_one_item_to_the_cart_from_PPE_and_Mask_category_and_verify_cart_icon -->
  <testcase name="TC_04_validate_the_user_is_able_to_add_multiple_items_from_PPE_and_Mask_page_and_verify_shopping_cart" time="0.004" classname="com.dollardays.testcases.AddToCartPPETestcase">
    <failure type="java.lang.NullPointerException">
      <![CDATA[java.lang.NullPointerException
at com.dollardays.testcases.AddToCartPPETestcase.TC_04_validate_the_user_is_able_to_add_multiple_items_from_PPE_and_Mask_page_and_verify_shopping_cart(AddToCartPPETestcase.java:143)
at java.util.ArrayList.forEach(ArrayList.java:1259)
... Removed 27 stack frames]]>
    </failure>
  </testcase> <!-- TC_04_validate_the_user_is_able_to_add_multiple_items_from_PPE_and_Mask_page_and_verify_shopping_cart -->
  <testcase name="TC_05_Validate_update_cart_hyper_link_in_the_shopping_cart_page" time="0.0" classname="com.dollardays.testcases.AddToCartPPETestcase">
    <failure type="java.lang.NullPointerException">
      <![CDATA[java.lang.NullPointerException
at com.dollardays.testcases.AddToCartPPETestcase.TC_05_Validate_update_cart_hyper_link_in_the_shopping_cart_page(AddToCartPPETestcase.java:193)
at java.util.ArrayList.forEach(ArrayList.java:1259)
... Removed 27 stack frames]]>
    </failure>
  </testcase> <!-- TC_05_Validate_update_cart_hyper_link_in_the_shopping_cart_page -->
  <testcase name="TC_06_Validate_the_case_quantity_text_box_with_valid_data_in_the_shopping_cart_page" time="0.004" classname="com.dollardays.testcases.AddToCartPPETestcase">
    <failure type="java.lang.NullPointerException">
      <![CDATA[java.lang.NullPointerException
at com.dollardays.testcases.AddToCartPPETestcase.TC_06_Validate_the_case_quantity_text_box_with_valid_data_in_the_shopping_cart_page(AddToCartPPETestcase.java:270)
at java.util.ArrayList.forEach(ArrayList.java:1259)
... Removed 27 stack frames]]>
    </failure>
  </testcase> <!-- TC_06_Validate_the_case_quantity_text_box_with_valid_data_in_the_shopping_cart_page -->
  <testcase name="TC_07_Validate_the_case_quantity_text_box_with_zero_value_and_verify_the_shopping_cart_page" time="0.0" classname="com.dollardays.testcases.AddToCartPPETestcase">
    <failure type="java.lang.NullPointerException">
      <![CDATA[java.lang.NullPointerException
at com.dollardays.testcases.AddToCartPPETestcase.TC_07_Validate_the_case_quantity_text_box_with_zero_value_and_verify_the_shopping_cart_page(AddToCartPPETestcase.java:337)
at java.util.ArrayList.forEach(ArrayList.java:1259)
... Removed 27 stack frames]]>
    </failure>
  </testcase> <!-- TC_07_Validate_the_case_quantity_text_box_with_zero_value_and_verify_the_shopping_cart_page -->
  <testcase name="TC_08_Validate_the_case_quantity_text_box_with_invalid_data_in_the_shopping_cart_page" time="0.0" classname="com.dollardays.testcases.AddToCartPPETestcase">
    <failure type="java.lang.NullPointerException">
      <![CDATA[java.lang.NullPointerException
at com.dollardays.testcases.AddToCartPPETestcase.TC_08_Validate_the_case_quantity_text_box_with_invalid_data_in_the_shopping_cart_page(AddToCartPPETestcase.java:395)
at java.util.ArrayList.forEach(ArrayList.java:1259)
... Removed 27 stack frames]]>
    </failure>
  </testcase> <!-- TC_08_Validate_the_case_quantity_text_box_with_invalid_data_in_the_shopping_cart_page -->
  <testcase name="TC_09_Validate_the_case_quantity_text_box_with_boundary_value_in_the_shopping_cart_page" time="0.004" classname="com.dollardays.testcases.AddToCartPPETestcase">
    <failure type="java.lang.NullPointerException">
      <![CDATA[java.lang.NullPointerException
at com.dollardays.testcases.AddToCartPPETestcase.TC_09_Validate_the_case_quantity_text_box_with_boundary_value_in_the_shopping_cart_page(AddToCartPPETestcase.java:451)
at java.util.ArrayList.forEach(ArrayList.java:1259)
... Removed 27 stack frames]]>
    </failure>
  </testcase> <!-- TC_09_Validate_the_case_quantity_text_box_with_boundary_value_in_the_shopping_cart_page -->
  <testcase name="TC_10_Validate_the_cart_when_the_user_signoff_and_signin_with_valid_credentials" time="0.004" classname="com.dollardays.testcases.AddToCartPPETestcase">
    <failure type="java.lang.NullPointerException">
      <![CDATA[java.lang.NullPointerException
at com.dollardays.testcases.AddToCartPPETestcase.TC_10_Validate_the_cart_when_the_user_signoff_and_signin_with_valid_credentials(AddToCartPPETestcase.java:510)
at java.util.ArrayList.forEach(ArrayList.java:1259)
... Removed 27 stack frames]]>
    </failure>
  </testcase> <!-- TC_10_Validate_the_cart_when_the_user_signoff_and_signin_with_valid_credentials -->
  <testcase name="TC_11_validate_no_of_cases_textbox_with_valid_data" time="0.0" classname="com.dollardays.testcases.AddToCartPPETestcase">
    <failure type="java.lang.NullPointerException">
      <![CDATA[java.lang.NullPointerException
at com.dollardays.testcases.AddToCartPPETestcase.TC_11_validate_no_of_cases_textbox_with_valid_data(AddToCartPPETestcase.java:566)
at java.util.ArrayList.forEach(ArrayList.java:1259)
... Removed 27 stack frames]]>
    </failure>
  </testcase> <!-- TC_11_validate_no_of_cases_textbox_with_valid_data -->
  <testcase name="TC_12_Validate_the_number_of_case_text_box_in_the_product_page" time="0.003" classname="com.dollardays.testcases.AddToCartPPETestcase">
    <failure type="java.lang.NullPointerException">
      <![CDATA[java.lang.NullPointerException
at com.dollardays.testcases.AddToCartPPETestcase.TC_12_Validate_the_number_of_case_text_box_in_the_product_page(AddToCartPPETestcase.java:608)
at java.util.ArrayList.forEach(ArrayList.java:1259)
... Removed 27 stack frames]]>
    </failure>
  </testcase> <!-- TC_12_Validate_the_number_of_case_text_box_in_the_product_page -->
  <testcase name="TC_13_validate_no_of_cases_textbox_with_zero" time="0.0" classname="com.dollardays.testcases.AddToCartPPETestcase">
    <failure type="java.lang.NullPointerException">
      <![CDATA[java.lang.NullPointerException
at com.dollardays.testcases.AddToCartPPETestcase.TC_13_validate_no_of_cases_textbox_with_zero(AddToCartPPETestcase.java:636)
at java.util.ArrayList.forEach(ArrayList.java:1259)
... Removed 27 stack frames]]>
    </failure>
  </testcase> <!-- TC_13_validate_no_of_cases_textbox_with_zero -->
  <testcase name="TC_14_validate_no_of_cases_textbox_with_character" time="0.0" classname="com.dollardays.testcases.AddToCartPPETestcase">
    <failure type="java.lang.NullPointerException">
      <![CDATA[java.lang.NullPointerException
at com.dollardays.testcases.AddToCartPPETestcase.TC_14_validate_no_of_cases_textbox_with_character(AddToCartPPETestcase.java:672)
at java.util.ArrayList.forEach(ArrayList.java:1259)
... Removed 27 stack frames]]>
    </failure>
  </testcase> <!-- TC_14_validate_no_of_cases_textbox_with_character -->
</testsuite> <!-- Test -->
