<!DOCTYPE html>

<html>
  <head>
  <meta charset='utf-8'>
  <title>TestNG reports</title>

    <link type="text/css" href="testng-reports1.css" rel="stylesheet" id="ultra" />
    <link type="text/css" href="testng-reports.css" rel="stylesheet" id="retro" disabled="false"/>
    <script type="text/javascript" src="jquery-3.4.1.min.js"></script>
    <script type="text/javascript" src="testng-reports.js"></script>
    <script type="text/javascript" src="https://www.google.com/jsapi"></script>
    <script type='text/javascript'>
      google.load('visualization', '1', {packages:['table']});
      google.setOnLoadCallback(drawTable);
      var suiteTableInitFunctions = new Array();
      var suiteTableData = new Array();
    </script>
    <!--
      <script type="text/javascript" src="jquery-ui/js/jquery-ui-1.8.16.custom.min.js"></script>
     -->
  </head>

  <body>
    <div class="top-banner-root">
      <span class="top-banner-title-font">Test results</span>
      <button class="button" id="button">Switch Retro Theme</button> <!-- button -->
      <br/>
      <span class="top-banner-font-1">1 suite, 6 failed tests</span>
    </div> <!-- top-banner-root -->
    <div class="navigator-root">
      <div class="navigator-suite-header">
        <span>All suites</span>
        <a href="#" class="collapse-all-link" title="Collapse/expand all the suites">
          <img class="collapse-all-icon" src="collapseall.gif">
          </img> <!-- collapse-all-icon -->
        </a> <!-- collapse-all-link -->
      </div> <!-- navigator-suite-header -->
      <div class="suite">
        <div class="rounded-window">
          <div class="suite-header light-rounded-window-top">
            <a href="#" class="navigator-link" panel-name="suite-Suite">
              <span class="suite-name border-failed">Suite</span>
            </a> <!-- navigator-link -->
          </div> <!-- suite-header light-rounded-window-top -->
          <div class="navigator-suite-content">
            <div class="suite-section-title">
              <span>Info</span>
            </div> <!-- suite-section-title -->
            <div class="suite-section-content">
              <ul>
                <li>
                  <a href="#" class="navigator-link " panel-name="test-xml-Suite">
                    <span>C:\Users\Rajesh\git\DollardaysFramework\c\config\AddToCart2.xml</span>
                  </a> <!-- navigator-link  -->
                </li>
                <li>
                  <a href="#" class="navigator-link " panel-name="testlist-Suite">
                    <span class="test-stats">1 test</span>
                  </a> <!-- navigator-link  -->
                </li>
                <li>
                  <a href="#" class="navigator-link " panel-name="group-Suite">
                    <span>0 groups</span>
                  </a> <!-- navigator-link  -->
                </li>
                <li>
                  <a href="#" class="navigator-link " panel-name="times-Suite">
                    <span>Times</span>
                  </a> <!-- navigator-link  -->
                </li>
                <li>
                  <a href="#" class="navigator-link " panel-name="reporter-Suite">
                    <span>Reporter output</span>
                  </a> <!-- navigator-link  -->
                </li>
                <li>
                  <a href="#" class="navigator-link " panel-name="ignored-methods-Suite">
                    <span>Ignored methods</span>
                  </a> <!-- navigator-link  -->
                </li>
                <li>
                  <a href="#" class="navigator-link " panel-name="chronological-Suite">
                    <span>Chronological view</span>
                  </a> <!-- navigator-link  -->
                </li>
              </ul>
            </div> <!-- suite-section-content -->
            <div class="result-section">
              <div class="suite-section-title">
                <span>Results</span>
              </div> <!-- suite-section-title -->
              <div class="suite-section-content">
                <ul>
                  <li>
                    <span class="method-stats">25 methods, 6 failed,   19 passed</span>
                  </li>
                  <li>
                    <span class="method-list-title failed">Failed methods</span>
                    <span class="show-or-hide-methods failed">
                      <a href="#" panel-name="suite-Suite" class="hide-methods failed suite-Suite"> (hide)</a> <!-- hide-methods failed suite-Suite -->
                      <a href="#" panel-name="suite-Suite" class="show-methods failed suite-Suite"> (show)</a> <!-- show-methods failed suite-Suite -->
                    </span>
                    <div class="method-list-content failed suite-Suite">
                      <span>
                        <img width="3%" src="failed.png"/>
                        <a href="#" class="method navigator-link" panel-name="suite-Suite" title="com.dollardays.testcases.AddToCartPPETestcase" hash-for-method="TC_04_validate_the_user_is_able_to_add_multiple_items_from_PPE_and_Mask_page_and_verify_shopping_cart({TestCase=valid Login data, Password=c2FpYmFiYTE=, Runmode=Yes, SheetName=AddTOCartPPE, UserName=vid...)">TC_04_validate_the_user_is_able_to_add_multiple_items_from_PPE_and_Mask_page_and_verify_shopping_cart({TestCase=valid Login data, Password=c2FpYmFiYTE=, Runmode=Yes, SheetName=AddTOCartPPE, UserName=vid...)</a> <!-- method navigator-link -->
                      </span>
                      <br/>
                      <span>
                        <img width="3%" src="failed.png"/>
                        <a href="#" class="method navigator-link" panel-name="suite-Suite" title="com.dollardays.testcases.AddToCartTestcases" hash-for-method="TC_18_ValidateAddToCartFromSearchbarWithnoData({TestCase=valid Login data, Password=c2FpYmFiYTE=, Runmode=Yes, SheetName=AddTOCartPPE, UserName=vid...)">TC_18_ValidateAddToCartFromSearchbarWithnoData({TestCase=valid Login data, Password=c2FpYmFiYTE=, Runmode=Yes, SheetName=AddTOCartPPE, UserName=vid...)</a> <!-- method navigator-link -->
                      </span>
                      <br/>
                      <span>
                        <img width="3%" src="failed.png"/>
                        <a href="#" class="method navigator-link" panel-name="suite-Suite" title="com.dollardays.testcases.AddToCartTestcases" hash-for-method="TC_20_Validate_addtocart_by_clicking_on_buy_nowbutton_from_adv_banner_without_login({TestCase=valid Login data, Password=c2FpYmFiYTE=, Runmode=Yes, SheetName=AddTOCartPPE, UserName=vid...)">TC_20_Validate_addtocart_by_clicking_on_buy_nowbutton_from_adv_banner_without_login({TestCase=valid Login data, Password=c2FpYmFiYTE=, Runmode=Yes, SheetName=AddTOCartPPE, UserName=vid...)</a> <!-- method navigator-link -->
                      </span>
                      <br/>
                      <span>
                        <img width="3%" src="failed.png"/>
                        <a href="#" class="method navigator-link" panel-name="suite-Suite" title="com.dollardays.testcases.AddToCartTestcases" hash-for-method="TC_21_addtocartvalidate({TestCase=valid Login data, Password=c2FpYmFiYTE=, Runmode=Yes, SheetName=AddTOCartPPE, UserName=vid...)">TC_21_addtocartvalidate({TestCase=valid Login data, Password=c2FpYmFiYTE=, Runmode=Yes, SheetName=AddTOCartPPE, UserName=vid...)</a> <!-- method navigator-link -->
                      </span>
                      <br/>
                      <span>
                        <img width="3%" src="failed.png"/>
                        <a href="#" class="method navigator-link" panel-name="suite-Suite" title="com.dollardays.testcases.AddToCartTestcases" hash-for-method="TC_22_addtocartvalidate({TestCase=valid Login data, Password=c2FpYmFiYTE=, Runmode=Yes, SheetName=AddTOCartPPE, UserName=vid...)">TC_22_addtocartvalidate({TestCase=valid Login data, Password=c2FpYmFiYTE=, Runmode=Yes, SheetName=AddTOCartPPE, UserName=vid...)</a> <!-- method navigator-link -->
                      </span>
                      <br/>
                      <span>
                        <img width="3%" src="failed.png"/>
                        <a href="#" class="method navigator-link" panel-name="suite-Suite" title="com.dollardays.testcases.AddToCartTestcases" hash-for-method="TC_23_addtocartvalidate({TestCase=valid Login data, Password=c2FpYmFiYTE=, Runmode=Yes, SheetName=AddTOCartPPE, UserName=vid...)">TC_23_addtocartvalidate({TestCase=valid Login data, Password=c2FpYmFiYTE=, Runmode=Yes, SheetName=AddTOCartPPE, UserName=vid...)</a> <!-- method navigator-link -->
                      </span>
                      <br/>
                    </div> <!-- method-list-content failed suite-Suite -->
                  </li>
                  <li>
                    <span class="method-list-title passed">Passed methods</span>
                    <span class="show-or-hide-methods passed">
                      <a href="#" panel-name="suite-Suite" class="hide-methods passed suite-Suite"> (hide)</a> <!-- hide-methods passed suite-Suite -->
                      <a href="#" panel-name="suite-Suite" class="show-methods passed suite-Suite"> (show)</a> <!-- show-methods passed suite-Suite -->
                    </span>
                    <div class="method-list-content passed suite-Suite">
                      <span>
                        <img width="3%" src="passed.png"/>
                        <a href="#" class="method navigator-link" panel-name="suite-Suite" title="com.dollardays.testcases.AddToCartPPETestcase" hash-for-method="TC_01_validate_clear_cart_hyperlink_in_the_shopping_cart_page({TestCase=valid Login data, Password=c2FpYmFiYTE=, Runmode=Yes, SheetName=AddTOCartPPE, UserName=vid...)">TC_01_validate_clear_cart_hyperlink_in_the_shopping_cart_page({TestCase=valid Login data, Password=c2FpYmFiYTE=, Runmode=Yes, SheetName=AddTOCartPPE, UserName=vid...)</a> <!-- method navigator-link -->
                      </span>
                      <br/>
                      <span>
                        <img width="3%" src="passed.png"/>
                        <a href="#" class="method navigator-link" panel-name="suite-Suite" title="com.dollardays.testcases.AddToCartPPETestcase" hash-for-method="TC_02_validate_the_user_is_able_to_add_one_item_from_ppe_category_throught_product_page_and_verify_cart_icon({TestCase=valid Login data, Password=c2FpYmFiYTE=, Runmode=Yes, SheetName=AddToCartPPE, UserName=vid...)">TC_02_validate_the_user_is_able_to_add_one_item_from_ppe_category_throught_product_page_and_verify_cart_icon({TestCase=valid Login data, Password=c2FpYmFiYTE=, Runmode=Yes, SheetName=AddToCartPPE, UserName=vid...)</a> <!-- method navigator-link -->
                      </span>
                      <br/>
                      <span>
                        <img width="3%" src="passed.png"/>
                        <a href="#" class="method navigator-link" panel-name="suite-Suite" title="com.dollardays.testcases.AddToCartPPETestcase" hash-for-method="TC_03_Validate_the_user_is_able_to_add_one_item_to_the_cart_from_PPE_and_Mask_category_and_verify_cart_icon({TestCase=valid Login data, Password=c2FpYmFiYTE=, Runmode=Yes, SheetName=AddTOCartPPE, UserName=vid...)">TC_03_Validate_the_user_is_able_to_add_one_item_to_the_cart_from_PPE_and_Mask_category_and_verify_cart_icon({TestCase=valid Login data, Password=c2FpYmFiYTE=, Runmode=Yes, SheetName=AddTOCartPPE, UserName=vid...)</a> <!-- method navigator-link -->
                      </span>
                      <br/>
                      <span>
                        <img width="3%" src="passed.png"/>
                        <a href="#" class="method navigator-link" panel-name="suite-Suite" title="com.dollardays.testcases.AddToCartPPETestcase" hash-for-method="TC_05_Validate_update_cart_hyper_link_in_the_shopping_cart_page({TestCase=valid Login data, Password=c2FpYmFiYTE=, Runmode=Yes, SheetName=AddTOCartPPE, UserName=vid...)">TC_05_Validate_update_cart_hyper_link_in_the_shopping_cart_page({TestCase=valid Login data, Password=c2FpYmFiYTE=, Runmode=Yes, SheetName=AddTOCartPPE, UserName=vid...)</a> <!-- method navigator-link -->
                      </span>
                      <br/>
                      <span>
                        <img width="3%" src="passed.png"/>
                        <a href="#" class="method navigator-link" panel-name="suite-Suite" title="com.dollardays.testcases.AddToCartPPETestcase" hash-for-method="TC_06_Validate_the_case_quantity_text_box_with_valid_data_in_the_shopping_cart_page({TestCase=valid Login data, Password=c2FpYmFiYTE=, Runmode=Yes, SheetName=AddTOCartPPE, UserName=vid...)">TC_06_Validate_the_case_quantity_text_box_with_valid_data_in_the_shopping_cart_page({TestCase=valid Login data, Password=c2FpYmFiYTE=, Runmode=Yes, SheetName=AddTOCartPPE, UserName=vid...)</a> <!-- method navigator-link -->
                      </span>
                      <br/>
                      <span>
                        <img width="3%" src="passed.png"/>
                        <a href="#" class="method navigator-link" panel-name="suite-Suite" title="com.dollardays.testcases.AddToCartPPETestcase" hash-for-method="TC_07_Validate_the_case_quantity_text_box_with_zero_value_and_verify_the_shopping_cart_page({TestCase=valid Login data, Password=c2FpYmFiYTE=, Runmode=Yes, SheetName=AddTOCartPPE, UserName=vid...)">TC_07_Validate_the_case_quantity_text_box_with_zero_value_and_verify_the_shopping_cart_page({TestCase=valid Login data, Password=c2FpYmFiYTE=, Runmode=Yes, SheetName=AddTOCartPPE, UserName=vid...)</a> <!-- method navigator-link -->
                      </span>
                      <br/>
                      <span>
                        <img width="3%" src="passed.png"/>
                        <a href="#" class="method navigator-link" panel-name="suite-Suite" title="com.dollardays.testcases.AddToCartPPETestcase" hash-for-method="TC_08_Validate_the_case_quantity_text_box_with_invalid_data_in_the_shopping_cart_page({TestCase=valid Login data, Password=c2FpYmFiYTE=, Runmode=Yes, SheetName=AddTOCartPPE, UserName=vid...)">TC_08_Validate_the_case_quantity_text_box_with_invalid_data_in_the_shopping_cart_page({TestCase=valid Login data, Password=c2FpYmFiYTE=, Runmode=Yes, SheetName=AddTOCartPPE, UserName=vid...)</a> <!-- method navigator-link -->
                      </span>
                      <br/>
                      <span>
                        <img width="3%" src="passed.png"/>
                        <a href="#" class="method navigator-link" panel-name="suite-Suite" title="com.dollardays.testcases.AddToCartPPETestcase" hash-for-method="TC_09_Validate_the_case_quantity_text_box_with_boundary_value_in_the_shopping_cart_page({TestCase=valid Login data, Password=c2FpYmFiYTE=, Runmode=Yes, SheetName=AddTOCartPPE, UserName=vid...)">TC_09_Validate_the_case_quantity_text_box_with_boundary_value_in_the_shopping_cart_page({TestCase=valid Login data, Password=c2FpYmFiYTE=, Runmode=Yes, SheetName=AddTOCartPPE, UserName=vid...)</a> <!-- method navigator-link -->
                      </span>
                      <br/>
                      <span>
                        <img width="3%" src="passed.png"/>
                        <a href="#" class="method navigator-link" panel-name="suite-Suite" title="com.dollardays.testcases.AddToCartPPETestcase" hash-for-method="TC_10_Validate_the_cart_when_the_user_signoff_and_signin_with_valid_credentials({TestCase=valid Login data, Password=c2FpYmFiYTE=, Runmode=Yes, SheetName=AddTOCartPPE, UserName=vid...)">TC_10_Validate_the_cart_when_the_user_signoff_and_signin_with_valid_credentials({TestCase=valid Login data, Password=c2FpYmFiYTE=, Runmode=Yes, SheetName=AddTOCartPPE, UserName=vid...)</a> <!-- method navigator-link -->
                      </span>
                      <br/>
                      <span>
                        <img width="3%" src="passed.png"/>
                        <a href="#" class="method navigator-link" panel-name="suite-Suite" title="com.dollardays.testcases.AddToCartPPETestcase" hash-for-method="TC_11_validate_no_of_cases_textbox_with_valid_data({TestCase=valid Login data, Password=c2FpYmFiYTE=, Runmode=Yes, SheetName=AddTOCartPPE, UserName=vid...)">TC_11_validate_no_of_cases_textbox_with_valid_data({TestCase=valid Login data, Password=c2FpYmFiYTE=, Runmode=Yes, SheetName=AddTOCartPPE, UserName=vid...)</a> <!-- method navigator-link -->
                      </span>
                      <br/>
                      <span>
                        <img width="3%" src="passed.png"/>
                        <a href="#" class="method navigator-link" panel-name="suite-Suite" title="com.dollardays.testcases.AddToCartPPETestcase" hash-for-method="TC_12_Validate_the_number_of_case_text_box_in_the_product_page({TestCase=valid Login data, Password=c2FpYmFiYTE=, Runmode=Yes, SheetName=AddTOCartPPE, UserName=vid...)">TC_12_Validate_the_number_of_case_text_box_in_the_product_page({TestCase=valid Login data, Password=c2FpYmFiYTE=, Runmode=Yes, SheetName=AddTOCartPPE, UserName=vid...)</a> <!-- method navigator-link -->
                      </span>
                      <br/>
                      <span>
                        <img width="3%" src="passed.png"/>
                        <a href="#" class="method navigator-link" panel-name="suite-Suite" title="com.dollardays.testcases.AddToCartPPETestcase" hash-for-method="TC_13_validate_no_of_cases_textbox_with_zero({TestCase=valid Login data, Password=c2FpYmFiYTE=, Runmode=Yes, SheetName=AddTOCartPPE, UserName=vid...)">TC_13_validate_no_of_cases_textbox_with_zero({TestCase=valid Login data, Password=c2FpYmFiYTE=, Runmode=Yes, SheetName=AddTOCartPPE, UserName=vid...)</a> <!-- method navigator-link -->
                      </span>
                      <br/>
                      <span>
                        <img width="3%" src="passed.png"/>
                        <a href="#" class="method navigator-link" panel-name="suite-Suite" title="com.dollardays.testcases.AddToCartPPETestcase" hash-for-method="TC_14_validate_no_of_cases_textbox_with_character({TestCase=valid Login data, Password=c2FpYmFiYTE=, Runmode=Yes, SheetName=AddTOCartPPE, UserName=vid...)">TC_14_validate_no_of_cases_textbox_with_character({TestCase=valid Login data, Password=c2FpYmFiYTE=, Runmode=Yes, SheetName=AddTOCartPPE, UserName=vid...)</a> <!-- method navigator-link -->
                      </span>
                      <br/>
                      <span>
                        <img width="3%" src="passed.png"/>
                        <a href="#" class="method navigator-link" panel-name="suite-Suite" title="com.dollardays.testcases.AddToCartTestcases" hash-for-method="TC_15_ValidateAddToCart_BuyNow_smallercasepacks({TestCase=valid Login data, Password=c2FpYmFiYTE=, Runmode=Yes, SheetName=AddTOCartPPE, UserName=vid...)">TC_15_ValidateAddToCart_BuyNow_smallercasepacks({TestCase=valid Login data, Password=c2FpYmFiYTE=, Runmode=Yes, SheetName=AddTOCartPPE, UserName=vid...)</a> <!-- method navigator-link -->
                      </span>
                      <br/>
                      <span>
                        <img width="3%" src="passed.png"/>
                        <a href="#" class="method navigator-link" panel-name="suite-Suite" title="com.dollardays.testcases.AddToCartTestcases" hash-for-method="TC_16_ValidateAddToCart_BuyNow_3PlyFaceMask({TestCase=valid Login data, Password=c2FpYmFiYTE=, Runmode=Yes, SheetName=AddTOCartPPE, UserName=vid...)">TC_16_ValidateAddToCart_BuyNow_3PlyFaceMask({TestCase=valid Login data, Password=c2FpYmFiYTE=, Runmode=Yes, SheetName=AddTOCartPPE, UserName=vid...)</a> <!-- method navigator-link -->
                      </span>
                      <br/>
                      <span>
                        <img width="3%" src="passed.png"/>
                        <a href="#" class="method navigator-link" panel-name="suite-Suite" title="com.dollardays.testcases.AddToCartTestcases" hash-for-method="TC_17_ValidateAddToCart_BuyNow_PremiumAlcoholWipes({TestCase=valid Login data, Password=c2FpYmFiYTE=, Runmode=Yes, SheetName=AddTOCartPPE, UserName=vid...)">TC_17_ValidateAddToCart_BuyNow_PremiumAlcoholWipes({TestCase=valid Login data, Password=c2FpYmFiYTE=, Runmode=Yes, SheetName=AddTOCartPPE, UserName=vid...)</a> <!-- method navigator-link -->
                      </span>
                      <br/>
                      <span>
                        <img width="3%" src="passed.png"/>
                        <a href="#" class="method navigator-link" panel-name="suite-Suite" title="com.dollardays.testcases.AddToCartTestcases" hash-for-method="TC_19_ValidateAddToCartFromSearchbarWithValidData({TestCase=valid Login data, Password=c2FpYmFiYTE=, Runmode=Yes, SheetName=AddTOCartPPE, UserName=vid...)">TC_19_ValidateAddToCartFromSearchbarWithValidData({TestCase=valid Login data, Password=c2FpYmFiYTE=, Runmode=Yes, SheetName=AddTOCartPPE, UserName=vid...)</a> <!-- method navigator-link -->
                      </span>
                      <br/>
                      <span>
                        <img width="3%" src="passed.png"/>
                        <a href="#" class="method navigator-link" panel-name="suite-Suite" title="com.dollardays.testcases.AddToCartTestcases" hash-for-method="TC_24_addtocartvalidate_shopallbtn_clickonimage({TestCase=valid Login data, Password=c2FpYmFiYTE=, Runmode=Yes, SheetName=AddTOCartPPE, UserName=vid...)">TC_24_addtocartvalidate_shopallbtn_clickonimage({TestCase=valid Login data, Password=c2FpYmFiYTE=, Runmode=Yes, SheetName=AddTOCartPPE, UserName=vid...)</a> <!-- method navigator-link -->
                      </span>
                      <br/>
                      <span>
                        <img width="3%" src="passed.png"/>
                        <a href="#" class="method navigator-link" panel-name="suite-Suite" title="com.dollardays.testcases.AddToCartTestcases" hash-for-method="TC_25_addtocartvalidate_clickonimage({TestCase=valid Login data, Password=c2FpYmFiYTE=, Runmode=Yes, SheetName=AddTOCartPPE, UserName=vid...)">TC_25_addtocartvalidate_clickonimage({TestCase=valid Login data, Password=c2FpYmFiYTE=, Runmode=Yes, SheetName=AddTOCartPPE, UserName=vid...)</a> <!-- method navigator-link -->
                      </span>
                      <br/>
                    </div> <!-- method-list-content passed suite-Suite -->
                  </li>
                </ul>
              </div> <!-- suite-section-content -->
            </div> <!-- result-section -->
          </div> <!-- navigator-suite-content -->
        </div> <!-- rounded-window -->
      </div> <!-- suite -->
    </div> <!-- navigator-root -->
    <div class="wrapper">
      <div class="main-panel-root">
        <div panel-name="suite-Suite" class="panel Suite">
          <div class="suite-Suite-class-failed">
            <div class="main-panel-header rounded-window-top">
              <img src="failed.png"/>
              <span class="class-name">com.dollardays.testcases.AddToCartPPETestcase</span>
            </div> <!-- main-panel-header rounded-window-top -->
            <div class="main-panel-content rounded-window-bottom">
              <div class="method">
                <div class="method-content">
                  <a name="TC_04_validate_the_user_is_able_to_add_multiple_items_from_PPE_and_Mask_page_and_verify_shopping_cart({TestCase=valid Login data, Password=c2FpYmFiYTE=, Runmode=Yes, SheetName=AddTOCartPPE, UserName=vid...)">
                  </a> <!-- TC_04_validate_the_user_is_able_to_add_multiple_items_from_PPE_and_Mask_page_and_verify_shopping_cart({TestCase=valid Login data, Password=c2FpYmFiYTE=, Runmode=Yes, SheetName=AddTOCartPPE, UserName=vid...) -->
                  <span class="method-name">TC_04_validate_the_user_is_able_to_add_multiple_items_from_PPE_and_Mask_page_and_verify_shopping_cart</span>
                  <span class="parameters">({TestCase=valid Login data, Password=c2FpYmFiYTE=, Runmode=Yes, SheetName=AddTOCartPPE, UserName=vidyancc@gmail.com, TCID=TC1})</span>
                  <div class="stack-trace">org.openqa.selenium.NoSuchElementException: no such element: Unable to locate element: {&quot;method&quot;:&quot;id&quot;,&quot;selector&quot;:&quot;ctl00_cphContent_btnClearCart&quot;}
  (Session info: chrome=85.0.4183.121)
  (Driver info: chromedriver=85.0.4183.87 (cd6713ebf92fa1cacc0f1a598df280093af0c5d7-refs/branch-heads/4183@{#1689}),platform=Windows NT 10.0.18362 x86_64) (WARNING: The server did not provide any stacktrace information)
Command duration or timeout: 13 milliseconds
For documentation on this error, please visit: http://seleniumhq.org/exceptions/no_such_element.html
Build info: version: &apos;2.53.1&apos;, revision: &apos;a36b8b1cd5757287168e54b817830adce9b0158d&apos;, time: &apos;2016-06-30 19:26:09&apos;
System info: host: &apos;MININT-UM25UFB&apos;, ip: &apos;10.0.75.1&apos;, os.name: &apos;Windows 10&apos;, os.arch: &apos;amd64&apos;, os.version: &apos;10.0&apos;, java.version: &apos;1.8.0_261&apos;
Driver info: org.openqa.selenium.chrome.ChromeDriver
Capabilities [{mobileEmulationEnabled=false, timeouts={implicit=0, pageLoad=300000, script=30000}, hasTouchScreen=false, platform=XP, acceptSslCerts=false, goog:chromeOptions={debuggerAddress=localhost:54538}, acceptInsecureCerts=false, webStorageEnabled=true, browserName=chrome, takesScreenshot=true, javascriptEnabled=true, setWindowRect=true, unexpectedAlertBehaviour=ignore, applicationCacheEnabled=false, rotatable=false, networkConnectionEnabled=false, chrome={chromedriverVersion=85.0.4183.87 (cd6713ebf92fa1cacc0f1a598df280093af0c5d7-refs/branch-heads/4183@{#1689}), userDataDir=C:\Users\Rajesh\AppData\Local\Temp\scoped_dir7596_1800887352}, takesHeapSnapshot=true, pageLoadStrategy=normal, strictFileInteractability=false, databaseEnabled=false, handlesAlerts=true, version=85.0.4183.121, browserConnectionEnabled=false, proxy={}, nativeEvents=true, locationContextEnabled=true, cssSelectorsEnabled=true, webauthn:virtualAuthenticators=true}]
Session ID: 6d3ffd434a09cec21481eca0195a5c55
*** Element info: {Using=id, value=ctl00_cphContent_btnClearCart}
	at org.openqa.selenium.remote.ErrorHandler.createThrowable(ErrorHandler.java:206)
	at org.openqa.selenium.remote.ErrorHandler.throwIfResponseFailed(ErrorHandler.java:158)
	at org.openqa.selenium.remote.RemoteWebDriver.execute(RemoteWebDriver.java:678)
	at org.openqa.selenium.remote.RemoteWebDriver.findElement(RemoteWebDriver.java:363)
	at org.openqa.selenium.remote.RemoteWebDriver.findElementById(RemoteWebDriver.java:413)
	at org.openqa.selenium.By$ById.findElement(By.java:218)
	at org.openqa.selenium.remote.RemoteWebDriver.findElement(RemoteWebDriver.java:355)
	at org.openqa.selenium.support.pagefactory.DefaultElementLocator.findElement(DefaultElementLocator.java:69)
	at org.openqa.selenium.support.pagefactory.internal.LocatingElementHandler.invoke(LocatingElementHandler.java:38)
	at com.sun.proxy.$Proxy9.click(Unknown Source)
	at com.dollardays.pages.AddToCartPage.clearcart(AddToCartPage.java:452)
	at com.dollardays.testcases.AddToCartPPETestcase.TC_04_validate_the_user_is_able_to_add_multiple_items_from_PPE_and_Mask_page_and_verify_shopping_cart(AddToCartPPETestcase.java:149)
	at java.util.concurrent.ThreadPoolExecutor.runWorker(ThreadPoolExecutor.java:1149)
	at java.util.concurrent.ThreadPoolExecutor$Worker.run(ThreadPoolExecutor.java:624)
	at java.lang.Thread.run(Thread.java:748)
... Removed 16 stack frames
</div> <!-- stack-trace -->
                </div> <!-- method-content -->
              </div> <!-- method -->
            </div> <!-- main-panel-content rounded-window-bottom -->
          </div> <!-- suite-Suite-class-failed -->
          <div class="suite-Suite-class-failed">
            <div class="main-panel-header rounded-window-top">
              <img src="failed.png"/>
              <span class="class-name">com.dollardays.testcases.AddToCartTestcases</span>
            </div> <!-- main-panel-header rounded-window-top -->
            <div class="main-panel-content rounded-window-bottom">
              <div class="method">
                <div class="method-content">
                  <a name="TC_18_ValidateAddToCartFromSearchbarWithnoData({TestCase=valid Login data, Password=c2FpYmFiYTE=, Runmode=Yes, SheetName=AddTOCartPPE, UserName=vid...)">
                  </a> <!-- TC_18_ValidateAddToCartFromSearchbarWithnoData({TestCase=valid Login data, Password=c2FpYmFiYTE=, Runmode=Yes, SheetName=AddTOCartPPE, UserName=vid...) -->
                  <span class="method-name">TC_18_ValidateAddToCartFromSearchbarWithnoData</span>
                  <span class="parameters">({TestCase=valid Login data, Password=c2FpYmFiYTE=, Runmode=Yes, SheetName=AddTOCartPPE, UserName=vidyancc@gmail.com, TCID=TC1})</span>
                  <div class="stack-trace">org.openqa.selenium.TimeoutException: Timed out after 30 seconds waiting for visibility of element located by By.xpath: //*[@id=&quot;noreturnmodal&quot;]/div/div/div[2]/button
Build info: version: &apos;2.53.1&apos;, revision: &apos;a36b8b1cd5757287168e54b817830adce9b0158d&apos;, time: &apos;2016-06-30 19:26:09&apos;
System info: host: &apos;MININT-UM25UFB&apos;, ip: &apos;10.0.75.1&apos;, os.name: &apos;Windows 10&apos;, os.arch: &apos;amd64&apos;, os.version: &apos;10.0&apos;, java.version: &apos;1.8.0_261&apos;
Driver info: org.openqa.selenium.chrome.ChromeDriver
Capabilities [{mobileEmulationEnabled=false, timeouts={implicit=0, pageLoad=300000, script=30000}, hasTouchScreen=false, platform=XP, acceptSslCerts=false, goog:chromeOptions={debuggerAddress=localhost:54459}, acceptInsecureCerts=false, webStorageEnabled=true, browserName=chrome, takesScreenshot=true, javascriptEnabled=true, setWindowRect=true, unexpectedAlertBehaviour=ignore, applicationCacheEnabled=false, rotatable=false, networkConnectionEnabled=false, chrome={chromedriverVersion=85.0.4183.87 (cd6713ebf92fa1cacc0f1a598df280093af0c5d7-refs/branch-heads/4183@{#1689}), userDataDir=C:\Users\Rajesh\AppData\Local\Temp\scoped_dir15332_393366746}, takesHeapSnapshot=true, pageLoadStrategy=normal, strictFileInteractability=false, databaseEnabled=false, handlesAlerts=true, version=85.0.4183.121, browserConnectionEnabled=false, proxy={}, nativeEvents=true, locationContextEnabled=true, cssSelectorsEnabled=true, webauthn:virtualAuthenticators=true}]
Session ID: 9a9f87537cf6f456194053414e603fd4
	at org.openqa.selenium.support.ui.WebDriverWait.timeoutException(WebDriverWait.java:80)
	at org.openqa.selenium.support.ui.FluentWait.until(FluentWait.java:261)
	at com.dollardays.pages.AddToCartPage.HandleAddtocartPopup(AddToCartPage.java:477)
	at com.dollardays.testcases.AddToCartTestcases.TC_18_ValidateAddToCartFromSearchbarWithnoData(AddToCartTestcases.java:181)
	at java.util.concurrent.ThreadPoolExecutor.runWorker(ThreadPoolExecutor.java:1149)
	at java.util.concurrent.ThreadPoolExecutor$Worker.run(ThreadPoolExecutor.java:624)
	at java.lang.Thread.run(Thread.java:748)
... Removed 12 stack frames
</div> <!-- stack-trace -->
                </div> <!-- method-content -->
              </div> <!-- method -->
              <div class="method">
                <div class="method-content">
                  <a name="TC_20_Validate_addtocart_by_clicking_on_buy_nowbutton_from_adv_banner_without_login({TestCase=valid Login data, Password=c2FpYmFiYTE=, Runmode=Yes, SheetName=AddTOCartPPE, UserName=vid...)">
                  </a> <!-- TC_20_Validate_addtocart_by_clicking_on_buy_nowbutton_from_adv_banner_without_login({TestCase=valid Login data, Password=c2FpYmFiYTE=, Runmode=Yes, SheetName=AddTOCartPPE, UserName=vid...) -->
                  <span class="method-name">TC_20_Validate_addtocart_by_clicking_on_buy_nowbutton_from_adv_banner_without_login</span>
                  <span class="parameters">({TestCase=valid Login data, Password=c2FpYmFiYTE=, Runmode=Yes, SheetName=AddTOCartPPE, UserName=vidyancc@gmail.com, TCID=TC1})</span>
                  <div class="stack-trace">org.openqa.selenium.NoSuchElementException: no such element: Unable to locate element: {&quot;method&quot;:&quot;xpath&quot;,&quot;selector&quot;:&quot;//h6[contains(text(),&apos;SKU # 2350143&apos;)]&quot;}
  (Session info: chrome=85.0.4183.121)
  (Driver info: chromedriver=85.0.4183.87 (cd6713ebf92fa1cacc0f1a598df280093af0c5d7-refs/branch-heads/4183@{#1689}),platform=Windows NT 10.0.18362 x86_64) (WARNING: The server did not provide any stacktrace information)
Command duration or timeout: 18 milliseconds
For documentation on this error, please visit: http://seleniumhq.org/exceptions/no_such_element.html
Build info: version: &apos;2.53.1&apos;, revision: &apos;a36b8b1cd5757287168e54b817830adce9b0158d&apos;, time: &apos;2016-06-30 19:26:09&apos;
System info: host: &apos;MININT-UM25UFB&apos;, ip: &apos;10.0.75.1&apos;, os.name: &apos;Windows 10&apos;, os.arch: &apos;amd64&apos;, os.version: &apos;10.0&apos;, java.version: &apos;1.8.0_261&apos;
Driver info: org.openqa.selenium.chrome.ChromeDriver
Capabilities [{mobileEmulationEnabled=false, timeouts={implicit=0, pageLoad=300000, script=30000}, hasTouchScreen=false, platform=XP, acceptSslCerts=false, goog:chromeOptions={debuggerAddress=localhost:55056}, acceptInsecureCerts=false, webStorageEnabled=true, browserName=chrome, takesScreenshot=true, javascriptEnabled=true, setWindowRect=true, unexpectedAlertBehaviour=ignore, applicationCacheEnabled=false, rotatable=false, networkConnectionEnabled=false, chrome={chromedriverVersion=85.0.4183.87 (cd6713ebf92fa1cacc0f1a598df280093af0c5d7-refs/branch-heads/4183@{#1689}), userDataDir=C:\Users\Rajesh\AppData\Local\Temp\scoped_dir7004_1754300505}, takesHeapSnapshot=true, pageLoadStrategy=normal, strictFileInteractability=false, databaseEnabled=false, handlesAlerts=true, version=85.0.4183.121, browserConnectionEnabled=false, proxy={}, nativeEvents=true, locationContextEnabled=true, cssSelectorsEnabled=true, webauthn:virtualAuthenticators=true}]
Session ID: 9fe5c126fb50287f93dd2bb3773b9f7a
*** Element info: {Using=xpath, value=//h6[contains(text(),&apos;SKU # 2350143&apos;)]}
	at org.openqa.selenium.remote.ErrorHandler.createThrowable(ErrorHandler.java:206)
	at org.openqa.selenium.remote.ErrorHandler.throwIfResponseFailed(ErrorHandler.java:158)
	at org.openqa.selenium.remote.RemoteWebDriver.execute(RemoteWebDriver.java:678)
	at org.openqa.selenium.remote.RemoteWebDriver.findElement(RemoteWebDriver.java:363)
	at org.openqa.selenium.remote.RemoteWebDriver.findElementByXPath(RemoteWebDriver.java:500)
	at org.openqa.selenium.By$ByXPath.findElement(By.java:361)
	at org.openqa.selenium.remote.RemoteWebDriver.findElement(RemoteWebDriver.java:355)
	at org.openqa.selenium.support.pagefactory.DefaultElementLocator.findElement(DefaultElementLocator.java:69)
	at org.openqa.selenium.support.pagefactory.internal.LocatingElementHandler.invoke(LocatingElementHandler.java:38)
	at com.sun.proxy.$Proxy9.getText(Unknown Source)
	at com.dollardays.testcases.AddToCartTestcases.TC_20_Validate_addtocart_by_clicking_on_buy_nowbutton_from_adv_banner_without_login(AddToCartTestcases.java:279)
	at java.util.concurrent.ThreadPoolExecutor.runWorker(ThreadPoolExecutor.java:1149)
	at java.util.concurrent.ThreadPoolExecutor$Worker.run(ThreadPoolExecutor.java:624)
	at java.lang.Thread.run(Thread.java:748)
... Removed 16 stack frames
</div> <!-- stack-trace -->
                </div> <!-- method-content -->
              </div> <!-- method -->
              <div class="method">
                <div class="method-content">
                  <a name="TC_21_addtocartvalidate({TestCase=valid Login data, Password=c2FpYmFiYTE=, Runmode=Yes, SheetName=AddTOCartPPE, UserName=vid...)">
                  </a> <!-- TC_21_addtocartvalidate({TestCase=valid Login data, Password=c2FpYmFiYTE=, Runmode=Yes, SheetName=AddTOCartPPE, UserName=vid...) -->
                  <span class="method-name">TC_21_addtocartvalidate</span>
                  <span class="parameters">({TestCase=valid Login data, Password=c2FpYmFiYTE=, Runmode=Yes, SheetName=AddTOCartPPE, UserName=vidyancc@gmail.com, TCID=TC1})</span>
                  <div class="stack-trace">org.openqa.selenium.NoSuchElementException: no such element: Unable to locate element: {&quot;method&quot;:&quot;xpath&quot;,&quot;selector&quot;:&quot;//a[contains(text(),&apos;Back to School&apos;)]&quot;}
  (Session info: chrome=85.0.4183.121)
  (Driver info: chromedriver=85.0.4183.87 (cd6713ebf92fa1cacc0f1a598df280093af0c5d7-refs/branch-heads/4183@{#1689}),platform=Windows NT 10.0.18362 x86_64) (WARNING: The server did not provide any stacktrace information)
Command duration or timeout: 13 milliseconds
For documentation on this error, please visit: http://seleniumhq.org/exceptions/no_such_element.html
Build info: version: &apos;2.53.1&apos;, revision: &apos;a36b8b1cd5757287168e54b817830adce9b0158d&apos;, time: &apos;2016-06-30 19:26:09&apos;
System info: host: &apos;MININT-UM25UFB&apos;, ip: &apos;10.0.75.1&apos;, os.name: &apos;Windows 10&apos;, os.arch: &apos;amd64&apos;, os.version: &apos;10.0&apos;, java.version: &apos;1.8.0_261&apos;
Driver info: org.openqa.selenium.chrome.ChromeDriver
Capabilities [{mobileEmulationEnabled=false, timeouts={implicit=0, pageLoad=300000, script=30000}, hasTouchScreen=false, platform=XP, acceptSslCerts=false, goog:chromeOptions={debuggerAddress=localhost:55350}, acceptInsecureCerts=false, webStorageEnabled=true, browserName=chrome, takesScreenshot=true, javascriptEnabled=true, setWindowRect=true, unexpectedAlertBehaviour=ignore, applicationCacheEnabled=false, rotatable=false, networkConnectionEnabled=false, chrome={chromedriverVersion=85.0.4183.87 (cd6713ebf92fa1cacc0f1a598df280093af0c5d7-refs/branch-heads/4183@{#1689}), userDataDir=C:\Users\Rajesh\AppData\Local\Temp\scoped_dir11404_1243221763}, takesHeapSnapshot=true, pageLoadStrategy=normal, strictFileInteractability=false, databaseEnabled=false, handlesAlerts=true, version=85.0.4183.121, browserConnectionEnabled=false, proxy={}, nativeEvents=true, locationContextEnabled=true, cssSelectorsEnabled=true, webauthn:virtualAuthenticators=true}]
Session ID: 7461d4f928a7652bb54f99626c8f68a4
*** Element info: {Using=xpath, value=//a[contains(text(),&apos;Back to School&apos;)]}
	at org.openqa.selenium.remote.ErrorHandler.createThrowable(ErrorHandler.java:206)
	at org.openqa.selenium.remote.ErrorHandler.throwIfResponseFailed(ErrorHandler.java:158)
	at org.openqa.selenium.remote.RemoteWebDriver.execute(RemoteWebDriver.java:678)
	at org.openqa.selenium.remote.RemoteWebDriver.findElement(RemoteWebDriver.java:363)
	at org.openqa.selenium.remote.RemoteWebDriver.findElementByXPath(RemoteWebDriver.java:500)
	at org.openqa.selenium.By$ByXPath.findElement(By.java:361)
	at org.openqa.selenium.remote.RemoteWebDriver.findElement(RemoteWebDriver.java:355)
	at org.openqa.selenium.support.pagefactory.DefaultElementLocator.findElement(DefaultElementLocator.java:69)
	at org.openqa.selenium.support.pagefactory.internal.LocatingElementHandler.invoke(LocatingElementHandler.java:38)
	at com.sun.proxy.$Proxy9.click(Unknown Source)
	at com.dollardays.testcases.AddToCartTestcases.TC_21_addtocartvalidate(AddToCartTestcases.java:313)
	at java.util.concurrent.ThreadPoolExecutor.runWorker(ThreadPoolExecutor.java:1149)
	at java.util.concurrent.ThreadPoolExecutor$Worker.run(ThreadPoolExecutor.java:624)
	at java.lang.Thread.run(Thread.java:748)
... Removed 16 stack frames
</div> <!-- stack-trace -->
                </div> <!-- method-content -->
              </div> <!-- method -->
              <div class="method">
                <div class="method-content">
                  <a name="TC_22_addtocartvalidate({TestCase=valid Login data, Password=c2FpYmFiYTE=, Runmode=Yes, SheetName=AddTOCartPPE, UserName=vid...)">
                  </a> <!-- TC_22_addtocartvalidate({TestCase=valid Login data, Password=c2FpYmFiYTE=, Runmode=Yes, SheetName=AddTOCartPPE, UserName=vid...) -->
                  <span class="method-name">TC_22_addtocartvalidate</span>
                  <span class="parameters">({TestCase=valid Login data, Password=c2FpYmFiYTE=, Runmode=Yes, SheetName=AddTOCartPPE, UserName=vidyancc@gmail.com, TCID=TC1})</span>
                  <div class="stack-trace">org.openqa.selenium.NoSuchElementException: no such element: Unable to locate element: {&quot;method&quot;:&quot;xpath&quot;,&quot;selector&quot;:&quot;//a[contains(text(),&apos;Back to School&apos;)]&quot;}
  (Session info: chrome=85.0.4183.121)
  (Driver info: chromedriver=85.0.4183.87 (cd6713ebf92fa1cacc0f1a598df280093af0c5d7-refs/branch-heads/4183@{#1689}),platform=Windows NT 10.0.18362 x86_64) (WARNING: The server did not provide any stacktrace information)
Command duration or timeout: 13 milliseconds
For documentation on this error, please visit: http://seleniumhq.org/exceptions/no_such_element.html
Build info: version: &apos;2.53.1&apos;, revision: &apos;a36b8b1cd5757287168e54b817830adce9b0158d&apos;, time: &apos;2016-06-30 19:26:09&apos;
System info: host: &apos;MININT-UM25UFB&apos;, ip: &apos;10.0.75.1&apos;, os.name: &apos;Windows 10&apos;, os.arch: &apos;amd64&apos;, os.version: &apos;10.0&apos;, java.version: &apos;1.8.0_261&apos;
Driver info: org.openqa.selenium.chrome.ChromeDriver
Capabilities [{mobileEmulationEnabled=false, timeouts={implicit=0, pageLoad=300000, script=30000}, hasTouchScreen=false, platform=XP, acceptSslCerts=false, goog:chromeOptions={debuggerAddress=localhost:55566}, acceptInsecureCerts=false, webStorageEnabled=true, browserName=chrome, takesScreenshot=true, javascriptEnabled=true, setWindowRect=true, unexpectedAlertBehaviour=ignore, applicationCacheEnabled=false, rotatable=false, networkConnectionEnabled=false, chrome={chromedriverVersion=85.0.4183.87 (cd6713ebf92fa1cacc0f1a598df280093af0c5d7-refs/branch-heads/4183@{#1689}), userDataDir=C:\Users\Rajesh\AppData\Local\Temp\scoped_dir14456_2086983715}, takesHeapSnapshot=true, pageLoadStrategy=normal, strictFileInteractability=false, databaseEnabled=false, handlesAlerts=true, version=85.0.4183.121, browserConnectionEnabled=false, proxy={}, nativeEvents=true, locationContextEnabled=true, cssSelectorsEnabled=true, webauthn:virtualAuthenticators=true}]
Session ID: 0562070766440d3c308f40046a152440
*** Element info: {Using=xpath, value=//a[contains(text(),&apos;Back to School&apos;)]}
	at org.openqa.selenium.remote.ErrorHandler.createThrowable(ErrorHandler.java:206)
	at org.openqa.selenium.remote.ErrorHandler.throwIfResponseFailed(ErrorHandler.java:158)
	at org.openqa.selenium.remote.RemoteWebDriver.execute(RemoteWebDriver.java:678)
	at org.openqa.selenium.remote.RemoteWebDriver.findElement(RemoteWebDriver.java:363)
	at org.openqa.selenium.remote.RemoteWebDriver.findElementByXPath(RemoteWebDriver.java:500)
	at org.openqa.selenium.By$ByXPath.findElement(By.java:361)
	at org.openqa.selenium.remote.RemoteWebDriver.findElement(RemoteWebDriver.java:355)
	at org.openqa.selenium.support.pagefactory.DefaultElementLocator.findElement(DefaultElementLocator.java:69)
	at org.openqa.selenium.support.pagefactory.internal.LocatingElementHandler.invoke(LocatingElementHandler.java:38)
	at com.sun.proxy.$Proxy9.click(Unknown Source)
	at com.dollardays.testcases.AddToCartTestcases.TC_22_addtocartvalidate(AddToCartTestcases.java:339)
	at java.util.concurrent.ThreadPoolExecutor.runWorker(ThreadPoolExecutor.java:1149)
	at java.util.concurrent.ThreadPoolExecutor$Worker.run(ThreadPoolExecutor.java:624)
	at java.lang.Thread.run(Thread.java:748)
... Removed 16 stack frames
</div> <!-- stack-trace -->
                </div> <!-- method-content -->
              </div> <!-- method -->
              <div class="method">
                <div class="method-content">
                  <a name="TC_23_addtocartvalidate({TestCase=valid Login data, Password=c2FpYmFiYTE=, Runmode=Yes, SheetName=AddTOCartPPE, UserName=vid...)">
                  </a> <!-- TC_23_addtocartvalidate({TestCase=valid Login data, Password=c2FpYmFiYTE=, Runmode=Yes, SheetName=AddTOCartPPE, UserName=vid...) -->
                  <span class="method-name">TC_23_addtocartvalidate</span>
                  <span class="parameters">({TestCase=valid Login data, Password=c2FpYmFiYTE=, Runmode=Yes, SheetName=AddTOCartPPE, UserName=vidyancc@gmail.com, TCID=TC1})</span>
                  <div class="stack-trace">org.openqa.selenium.NoSuchElementException: no such element: Unable to locate element: {&quot;method&quot;:&quot;xpath&quot;,&quot;selector&quot;:&quot;//a[contains(text(),&apos;Back to School&apos;)]&quot;}
  (Session info: chrome=85.0.4183.121)
  (Driver info: chromedriver=85.0.4183.87 (cd6713ebf92fa1cacc0f1a598df280093af0c5d7-refs/branch-heads/4183@{#1689}),platform=Windows NT 10.0.18362 x86_64) (WARNING: The server did not provide any stacktrace information)
Command duration or timeout: 16 milliseconds
For documentation on this error, please visit: http://seleniumhq.org/exceptions/no_such_element.html
Build info: version: &apos;2.53.1&apos;, revision: &apos;a36b8b1cd5757287168e54b817830adce9b0158d&apos;, time: &apos;2016-06-30 19:26:09&apos;
System info: host: &apos;MININT-UM25UFB&apos;, ip: &apos;10.0.75.1&apos;, os.name: &apos;Windows 10&apos;, os.arch: &apos;amd64&apos;, os.version: &apos;10.0&apos;, java.version: &apos;1.8.0_261&apos;
Driver info: org.openqa.selenium.chrome.ChromeDriver
Capabilities [{mobileEmulationEnabled=false, timeouts={implicit=0, pageLoad=300000, script=30000}, hasTouchScreen=false, platform=XP, acceptSslCerts=false, goog:chromeOptions={debuggerAddress=localhost:55737}, acceptInsecureCerts=false, webStorageEnabled=true, browserName=chrome, takesScreenshot=true, javascriptEnabled=true, setWindowRect=true, unexpectedAlertBehaviour=ignore, applicationCacheEnabled=false, rotatable=false, networkConnectionEnabled=false, chrome={chromedriverVersion=85.0.4183.87 (cd6713ebf92fa1cacc0f1a598df280093af0c5d7-refs/branch-heads/4183@{#1689}), userDataDir=C:\Users\Rajesh\AppData\Local\Temp\scoped_dir13388_1468848711}, takesHeapSnapshot=true, pageLoadStrategy=normal, strictFileInteractability=false, databaseEnabled=false, handlesAlerts=true, version=85.0.4183.121, browserConnectionEnabled=false, proxy={}, nativeEvents=true, locationContextEnabled=true, cssSelectorsEnabled=true, webauthn:virtualAuthenticators=true}]
Session ID: 5f97d22113aa4bffb3b4f0859c098793
*** Element info: {Using=xpath, value=//a[contains(text(),&apos;Back to School&apos;)]}
	at org.openqa.selenium.remote.ErrorHandler.createThrowable(ErrorHandler.java:206)
	at org.openqa.selenium.remote.ErrorHandler.throwIfResponseFailed(ErrorHandler.java:158)
	at org.openqa.selenium.remote.RemoteWebDriver.execute(RemoteWebDriver.java:678)
	at org.openqa.selenium.remote.RemoteWebDriver.findElement(RemoteWebDriver.java:363)
	at org.openqa.selenium.remote.RemoteWebDriver.findElementByXPath(RemoteWebDriver.java:500)
	at org.openqa.selenium.By$ByXPath.findElement(By.java:361)
	at org.openqa.selenium.remote.RemoteWebDriver.findElement(RemoteWebDriver.java:355)
	at org.openqa.selenium.support.pagefactory.DefaultElementLocator.findElement(DefaultElementLocator.java:69)
	at org.openqa.selenium.support.pagefactory.internal.LocatingElementHandler.invoke(LocatingElementHandler.java:38)
	at com.sun.proxy.$Proxy9.click(Unknown Source)
	at com.dollardays.testcases.AddToCartTestcases.TC_23_addtocartvalidate(AddToCartTestcases.java:382)
	at java.util.concurrent.ThreadPoolExecutor.runWorker(ThreadPoolExecutor.java:1149)
	at java.util.concurrent.ThreadPoolExecutor$Worker.run(ThreadPoolExecutor.java:624)
	at java.lang.Thread.run(Thread.java:748)
... Removed 16 stack frames
</div> <!-- stack-trace -->
                </div> <!-- method-content -->
              </div> <!-- method -->
            </div> <!-- main-panel-content rounded-window-bottom -->
          </div> <!-- suite-Suite-class-failed -->
          <div class="suite-Suite-class-passed">
            <div class="main-panel-header rounded-window-top">
              <img src="passed.png"/>
              <span class="class-name">com.dollardays.testcases.AddToCartPPETestcase</span>
            </div> <!-- main-panel-header rounded-window-top -->
            <div class="main-panel-content rounded-window-bottom">
              <div class="method">
                <div class="method-content">
                  <a name="TC_01_validate_clear_cart_hyperlink_in_the_shopping_cart_page({TestCase=valid Login data, Password=c2FpYmFiYTE=, Runmode=Yes, SheetName=AddTOCartPPE, UserName=vid...)">
                  </a> <!-- TC_01_validate_clear_cart_hyperlink_in_the_shopping_cart_page({TestCase=valid Login data, Password=c2FpYmFiYTE=, Runmode=Yes, SheetName=AddTOCartPPE, UserName=vid...) -->
                  <span class="method-name">TC_01_validate_clear_cart_hyperlink_in_the_shopping_cart_page</span>
                  <span class="parameters">({TestCase=valid Login data, Password=c2FpYmFiYTE=, Runmode=Yes, SheetName=AddTOCartPPE, UserName=vidyancc@gmail.com, TCID=TC1})</span>
                </div> <!-- method-content -->
              </div> <!-- method -->
              <div class="method">
                <div class="method-content">
                  <a name="TC_02_validate_the_user_is_able_to_add_one_item_from_ppe_category_throught_product_page_and_verify_cart_icon({TestCase=valid Login data, Password=c2FpYmFiYTE=, Runmode=Yes, SheetName=AddToCartPPE, UserName=vid...)">
                  </a> <!-- TC_02_validate_the_user_is_able_to_add_one_item_from_ppe_category_throught_product_page_and_verify_cart_icon({TestCase=valid Login data, Password=c2FpYmFiYTE=, Runmode=Yes, SheetName=AddToCartPPE, UserName=vid...) -->
                  <span class="method-name">TC_02_validate_the_user_is_able_to_add_one_item_from_ppe_category_throught_product_page_and_verify_cart_icon</span>
                  <span class="parameters">({TestCase=valid Login data, Password=c2FpYmFiYTE=, Runmode=Yes, SheetName=AddToCartPPE, UserName=vidyancc@gmail.com, TCID=TC1})</span>
                </div> <!-- method-content -->
              </div> <!-- method -->
              <div class="method">
                <div class="method-content">
                  <a name="TC_03_Validate_the_user_is_able_to_add_one_item_to_the_cart_from_PPE_and_Mask_category_and_verify_cart_icon({TestCase=valid Login data, Password=c2FpYmFiYTE=, Runmode=Yes, SheetName=AddTOCartPPE, UserName=vid...)">
                  </a> <!-- TC_03_Validate_the_user_is_able_to_add_one_item_to_the_cart_from_PPE_and_Mask_category_and_verify_cart_icon({TestCase=valid Login data, Password=c2FpYmFiYTE=, Runmode=Yes, SheetName=AddTOCartPPE, UserName=vid...) -->
                  <span class="method-name">TC_03_Validate_the_user_is_able_to_add_one_item_to_the_cart_from_PPE_and_Mask_category_and_verify_cart_icon</span>
                  <span class="parameters">({TestCase=valid Login data, Password=c2FpYmFiYTE=, Runmode=Yes, SheetName=AddTOCartPPE, UserName=vidyancc@gmail.com, TCID=TC1})</span>
                </div> <!-- method-content -->
              </div> <!-- method -->
              <div class="method">
                <div class="method-content">
                  <a name="TC_05_Validate_update_cart_hyper_link_in_the_shopping_cart_page({TestCase=valid Login data, Password=c2FpYmFiYTE=, Runmode=Yes, SheetName=AddTOCartPPE, UserName=vid...)">
                  </a> <!-- TC_05_Validate_update_cart_hyper_link_in_the_shopping_cart_page({TestCase=valid Login data, Password=c2FpYmFiYTE=, Runmode=Yes, SheetName=AddTOCartPPE, UserName=vid...) -->
                  <span class="method-name">TC_05_Validate_update_cart_hyper_link_in_the_shopping_cart_page</span>
                  <span class="parameters">({TestCase=valid Login data, Password=c2FpYmFiYTE=, Runmode=Yes, SheetName=AddTOCartPPE, UserName=vidyancc@gmail.com, TCID=TC1})</span>
                </div> <!-- method-content -->
              </div> <!-- method -->
              <div class="method">
                <div class="method-content">
                  <a name="TC_06_Validate_the_case_quantity_text_box_with_valid_data_in_the_shopping_cart_page({TestCase=valid Login data, Password=c2FpYmFiYTE=, Runmode=Yes, SheetName=AddTOCartPPE, UserName=vid...)">
                  </a> <!-- TC_06_Validate_the_case_quantity_text_box_with_valid_data_in_the_shopping_cart_page({TestCase=valid Login data, Password=c2FpYmFiYTE=, Runmode=Yes, SheetName=AddTOCartPPE, UserName=vid...) -->
                  <span class="method-name">TC_06_Validate_the_case_quantity_text_box_with_valid_data_in_the_shopping_cart_page</span>
                  <span class="parameters">({TestCase=valid Login data, Password=c2FpYmFiYTE=, Runmode=Yes, SheetName=AddTOCartPPE, UserName=vidyancc@gmail.com, TCID=TC1})</span>
                </div> <!-- method-content -->
              </div> <!-- method -->
              <div class="method">
                <div class="method-content">
                  <a name="TC_07_Validate_the_case_quantity_text_box_with_zero_value_and_verify_the_shopping_cart_page({TestCase=valid Login data, Password=c2FpYmFiYTE=, Runmode=Yes, SheetName=AddTOCartPPE, UserName=vid...)">
                  </a> <!-- TC_07_Validate_the_case_quantity_text_box_with_zero_value_and_verify_the_shopping_cart_page({TestCase=valid Login data, Password=c2FpYmFiYTE=, Runmode=Yes, SheetName=AddTOCartPPE, UserName=vid...) -->
                  <span class="method-name">TC_07_Validate_the_case_quantity_text_box_with_zero_value_and_verify_the_shopping_cart_page</span>
                  <span class="parameters">({TestCase=valid Login data, Password=c2FpYmFiYTE=, Runmode=Yes, SheetName=AddTOCartPPE, UserName=vidyancc@gmail.com, TCID=TC1})</span>
                </div> <!-- method-content -->
              </div> <!-- method -->
              <div class="method">
                <div class="method-content">
                  <a name="TC_08_Validate_the_case_quantity_text_box_with_invalid_data_in_the_shopping_cart_page({TestCase=valid Login data, Password=c2FpYmFiYTE=, Runmode=Yes, SheetName=AddTOCartPPE, UserName=vid...)">
                  </a> <!-- TC_08_Validate_the_case_quantity_text_box_with_invalid_data_in_the_shopping_cart_page({TestCase=valid Login data, Password=c2FpYmFiYTE=, Runmode=Yes, SheetName=AddTOCartPPE, UserName=vid...) -->
                  <span class="method-name">TC_08_Validate_the_case_quantity_text_box_with_invalid_data_in_the_shopping_cart_page</span>
                  <span class="parameters">({TestCase=valid Login data, Password=c2FpYmFiYTE=, Runmode=Yes, SheetName=AddTOCartPPE, UserName=vidyancc@gmail.com, TCID=TC1})</span>
                </div> <!-- method-content -->
              </div> <!-- method -->
              <div class="method">
                <div class="method-content">
                  <a name="TC_09_Validate_the_case_quantity_text_box_with_boundary_value_in_the_shopping_cart_page({TestCase=valid Login data, Password=c2FpYmFiYTE=, Runmode=Yes, SheetName=AddTOCartPPE, UserName=vid...)">
                  </a> <!-- TC_09_Validate_the_case_quantity_text_box_with_boundary_value_in_the_shopping_cart_page({TestCase=valid Login data, Password=c2FpYmFiYTE=, Runmode=Yes, SheetName=AddTOCartPPE, UserName=vid...) -->
                  <span class="method-name">TC_09_Validate_the_case_quantity_text_box_with_boundary_value_in_the_shopping_cart_page</span>
                  <span class="parameters">({TestCase=valid Login data, Password=c2FpYmFiYTE=, Runmode=Yes, SheetName=AddTOCartPPE, UserName=vidyancc@gmail.com, TCID=TC1})</span>
                </div> <!-- method-content -->
              </div> <!-- method -->
              <div class="method">
                <div class="method-content">
                  <a name="TC_10_Validate_the_cart_when_the_user_signoff_and_signin_with_valid_credentials({TestCase=valid Login data, Password=c2FpYmFiYTE=, Runmode=Yes, SheetName=AddTOCartPPE, UserName=vid...)">
                  </a> <!-- TC_10_Validate_the_cart_when_the_user_signoff_and_signin_with_valid_credentials({TestCase=valid Login data, Password=c2FpYmFiYTE=, Runmode=Yes, SheetName=AddTOCartPPE, UserName=vid...) -->
                  <span class="method-name">TC_10_Validate_the_cart_when_the_user_signoff_and_signin_with_valid_credentials</span>
                  <span class="parameters">({TestCase=valid Login data, Password=c2FpYmFiYTE=, Runmode=Yes, SheetName=AddTOCartPPE, UserName=vidyancc@gmail.com, TCID=TC1})</span>
                </div> <!-- method-content -->
              </div> <!-- method -->
              <div class="method">
                <div class="method-content">
                  <a name="TC_11_validate_no_of_cases_textbox_with_valid_data({TestCase=valid Login data, Password=c2FpYmFiYTE=, Runmode=Yes, SheetName=AddTOCartPPE, UserName=vid...)">
                  </a> <!-- TC_11_validate_no_of_cases_textbox_with_valid_data({TestCase=valid Login data, Password=c2FpYmFiYTE=, Runmode=Yes, SheetName=AddTOCartPPE, UserName=vid...) -->
                  <span class="method-name">TC_11_validate_no_of_cases_textbox_with_valid_data</span>
                  <span class="parameters">({TestCase=valid Login data, Password=c2FpYmFiYTE=, Runmode=Yes, SheetName=AddTOCartPPE, UserName=vidyancc@gmail.com, TCID=TC1})</span>
                </div> <!-- method-content -->
              </div> <!-- method -->
              <div class="method">
                <div class="method-content">
                  <a name="TC_12_Validate_the_number_of_case_text_box_in_the_product_page({TestCase=valid Login data, Password=c2FpYmFiYTE=, Runmode=Yes, SheetName=AddTOCartPPE, UserName=vid...)">
                  </a> <!-- TC_12_Validate_the_number_of_case_text_box_in_the_product_page({TestCase=valid Login data, Password=c2FpYmFiYTE=, Runmode=Yes, SheetName=AddTOCartPPE, UserName=vid...) -->
                  <span class="method-name">TC_12_Validate_the_number_of_case_text_box_in_the_product_page</span>
                  <span class="parameters">({TestCase=valid Login data, Password=c2FpYmFiYTE=, Runmode=Yes, SheetName=AddTOCartPPE, UserName=vidyancc@gmail.com, TCID=TC1})</span>
                </div> <!-- method-content -->
              </div> <!-- method -->
              <div class="method">
                <div class="method-content">
                  <a name="TC_13_validate_no_of_cases_textbox_with_zero({TestCase=valid Login data, Password=c2FpYmFiYTE=, Runmode=Yes, SheetName=AddTOCartPPE, UserName=vid...)">
                  </a> <!-- TC_13_validate_no_of_cases_textbox_with_zero({TestCase=valid Login data, Password=c2FpYmFiYTE=, Runmode=Yes, SheetName=AddTOCartPPE, UserName=vid...) -->
                  <span class="method-name">TC_13_validate_no_of_cases_textbox_with_zero</span>
                  <span class="parameters">({TestCase=valid Login data, Password=c2FpYmFiYTE=, Runmode=Yes, SheetName=AddTOCartPPE, UserName=vidyancc@gmail.com, TCID=TC1})</span>
                </div> <!-- method-content -->
              </div> <!-- method -->
              <div class="method">
                <div class="method-content">
                  <a name="TC_14_validate_no_of_cases_textbox_with_character({TestCase=valid Login data, Password=c2FpYmFiYTE=, Runmode=Yes, SheetName=AddTOCartPPE, UserName=vid...)">
                  </a> <!-- TC_14_validate_no_of_cases_textbox_with_character({TestCase=valid Login data, Password=c2FpYmFiYTE=, Runmode=Yes, SheetName=AddTOCartPPE, UserName=vid...) -->
                  <span class="method-name">TC_14_validate_no_of_cases_textbox_with_character</span>
                  <span class="parameters">({TestCase=valid Login data, Password=c2FpYmFiYTE=, Runmode=Yes, SheetName=AddTOCartPPE, UserName=vidyancc@gmail.com, TCID=TC1})</span>
                </div> <!-- method-content -->
              </div> <!-- method -->
            </div> <!-- main-panel-content rounded-window-bottom -->
          </div> <!-- suite-Suite-class-passed -->
          <div class="suite-Suite-class-passed">
            <div class="main-panel-header rounded-window-top">
              <img src="passed.png"/>
              <span class="class-name">com.dollardays.testcases.AddToCartTestcases</span>
            </div> <!-- main-panel-header rounded-window-top -->
            <div class="main-panel-content rounded-window-bottom">
              <div class="method">
                <div class="method-content">
                  <a name="TC_15_ValidateAddToCart_BuyNow_smallercasepacks({TestCase=valid Login data, Password=c2FpYmFiYTE=, Runmode=Yes, SheetName=AddTOCartPPE, UserName=vid...)">
                  </a> <!-- TC_15_ValidateAddToCart_BuyNow_smallercasepacks({TestCase=valid Login data, Password=c2FpYmFiYTE=, Runmode=Yes, SheetName=AddTOCartPPE, UserName=vid...) -->
                  <span class="method-name">TC_15_ValidateAddToCart_BuyNow_smallercasepacks</span>
                  <span class="parameters">({TestCase=valid Login data, Password=c2FpYmFiYTE=, Runmode=Yes, SheetName=AddTOCartPPE, UserName=vidyancc@gmail.com, TCID=TC1})</span>
                </div> <!-- method-content -->
              </div> <!-- method -->
              <div class="method">
                <div class="method-content">
                  <a name="TC_16_ValidateAddToCart_BuyNow_3PlyFaceMask({TestCase=valid Login data, Password=c2FpYmFiYTE=, Runmode=Yes, SheetName=AddTOCartPPE, UserName=vid...)">
                  </a> <!-- TC_16_ValidateAddToCart_BuyNow_3PlyFaceMask({TestCase=valid Login data, Password=c2FpYmFiYTE=, Runmode=Yes, SheetName=AddTOCartPPE, UserName=vid...) -->
                  <span class="method-name">TC_16_ValidateAddToCart_BuyNow_3PlyFaceMask</span>
                  <span class="parameters">({TestCase=valid Login data, Password=c2FpYmFiYTE=, Runmode=Yes, SheetName=AddTOCartPPE, UserName=vidyancc@gmail.com, TCID=TC1})</span>
                </div> <!-- method-content -->
              </div> <!-- method -->
              <div class="method">
                <div class="method-content">
                  <a name="TC_17_ValidateAddToCart_BuyNow_PremiumAlcoholWipes({TestCase=valid Login data, Password=c2FpYmFiYTE=, Runmode=Yes, SheetName=AddTOCartPPE, UserName=vid...)">
                  </a> <!-- TC_17_ValidateAddToCart_BuyNow_PremiumAlcoholWipes({TestCase=valid Login data, Password=c2FpYmFiYTE=, Runmode=Yes, SheetName=AddTOCartPPE, UserName=vid...) -->
                  <span class="method-name">TC_17_ValidateAddToCart_BuyNow_PremiumAlcoholWipes</span>
                  <span class="parameters">({TestCase=valid Login data, Password=c2FpYmFiYTE=, Runmode=Yes, SheetName=AddTOCartPPE, UserName=vidyancc@gmail.com, TCID=TC1})</span>
                </div> <!-- method-content -->
              </div> <!-- method -->
              <div class="method">
                <div class="method-content">
                  <a name="TC_19_ValidateAddToCartFromSearchbarWithValidData({TestCase=valid Login data, Password=c2FpYmFiYTE=, Runmode=Yes, SheetName=AddTOCartPPE, UserName=vid...)">
                  </a> <!-- TC_19_ValidateAddToCartFromSearchbarWithValidData({TestCase=valid Login data, Password=c2FpYmFiYTE=, Runmode=Yes, SheetName=AddTOCartPPE, UserName=vid...) -->
                  <span class="method-name">TC_19_ValidateAddToCartFromSearchbarWithValidData</span>
                  <span class="parameters">({TestCase=valid Login data, Password=c2FpYmFiYTE=, Runmode=Yes, SheetName=AddTOCartPPE, UserName=vidyancc@gmail.com, TCID=TC1})</span>
                </div> <!-- method-content -->
              </div> <!-- method -->
              <div class="method">
                <div class="method-content">
                  <a name="TC_24_addtocartvalidate_shopallbtn_clickonimage({TestCase=valid Login data, Password=c2FpYmFiYTE=, Runmode=Yes, SheetName=AddTOCartPPE, UserName=vid...)">
                  </a> <!-- TC_24_addtocartvalidate_shopallbtn_clickonimage({TestCase=valid Login data, Password=c2FpYmFiYTE=, Runmode=Yes, SheetName=AddTOCartPPE, UserName=vid...) -->
                  <span class="method-name">TC_24_addtocartvalidate_shopallbtn_clickonimage</span>
                  <span class="parameters">({TestCase=valid Login data, Password=c2FpYmFiYTE=, Runmode=Yes, SheetName=AddTOCartPPE, UserName=vidyancc@gmail.com, TCID=TC1})</span>
                </div> <!-- method-content -->
              </div> <!-- method -->
              <div class="method">
                <div class="method-content">
                  <a name="TC_25_addtocartvalidate_clickonimage({TestCase=valid Login data, Password=c2FpYmFiYTE=, Runmode=Yes, SheetName=AddTOCartPPE, UserName=vid...)">
                  </a> <!-- TC_25_addtocartvalidate_clickonimage({TestCase=valid Login data, Password=c2FpYmFiYTE=, Runmode=Yes, SheetName=AddTOCartPPE, UserName=vid...) -->
                  <span class="method-name">TC_25_addtocartvalidate_clickonimage</span>
                  <span class="parameters">({TestCase=valid Login data, Password=c2FpYmFiYTE=, Runmode=Yes, SheetName=AddTOCartPPE, UserName=vidyancc@gmail.com, TCID=TC1})</span>
                </div> <!-- method-content -->
              </div> <!-- method -->
            </div> <!-- main-panel-content rounded-window-bottom -->
          </div> <!-- suite-Suite-class-passed -->
        </div> <!-- panel Suite -->
        <div panel-name="test-xml-Suite" class="panel">
          <div class="main-panel-header rounded-window-top">
            <span class="header-content">C:\Users\Rajesh\git\DollardaysFramework\c\config\AddToCart2.xml</span>
          </div> <!-- main-panel-header rounded-window-top -->
          <div class="main-panel-content rounded-window-bottom">
            <pre>
&lt;?xml version=&quot;1.0&quot; encoding=&quot;UTF-8&quot;?&gt;
&lt;!DOCTYPE suite SYSTEM &quot;https://testng.org/testng-1.0.dtd&quot;&gt;
&lt;suite thread-count=&quot;3&quot; guice-stage=&quot;DEVELOPMENT&quot; name=&quot;Suite&quot; parallel=&quot;classes&quot;&gt;
  &lt;listeners&gt;
    &lt;listener class-name=&quot;com.dollardays.listners.TestListener&quot;/&gt;
  &lt;/listeners&gt;
  &lt;test thread-count=&quot;3&quot; name=&quot;Dollar Days Test&quot; parallel=&quot;classes&quot;&gt;
    &lt;classes&gt;
      &lt;class name=&quot;com.dollardays.testcases.AddToCartPPETestcase&quot;/&gt;
      &lt;class name=&quot;com.dollardays.testcases.AddToCartTestcases&quot;/&gt;
    &lt;/classes&gt;
  &lt;/test&gt; &lt;!-- Dollar Days Test --&gt;
&lt;/suite&gt; &lt;!-- Suite --&gt;
            </pre>
          </div> <!-- main-panel-content rounded-window-bottom -->
        </div> <!-- panel -->
        <div panel-name="testlist-Suite" class="panel">
          <div class="main-panel-header rounded-window-top">
            <span class="header-content">Tests for Suite</span>
          </div> <!-- main-panel-header rounded-window-top -->
          <div class="main-panel-content rounded-window-bottom">
            <ul>
              <li>
                <span class="test-name">Dollar Days Test (2 classes)</span>
              </li>
            </ul>
          </div> <!-- main-panel-content rounded-window-bottom -->
        </div> <!-- panel -->
        <div panel-name="group-Suite" class="panel">
          <div class="main-panel-header rounded-window-top">
            <span class="header-content">Groups for Suite</span>
          </div> <!-- main-panel-header rounded-window-top -->
          <div class="main-panel-content rounded-window-bottom">
          </div> <!-- main-panel-content rounded-window-bottom -->
        </div> <!-- panel -->
        <div panel-name="times-Suite" class="panel">
          <div class="main-panel-header rounded-window-top">
            <span class="header-content">Times for Suite</span>
          </div> <!-- main-panel-header rounded-window-top -->
          <div class="main-panel-content rounded-window-bottom">
            <div class="times-div">
              <script type="text/javascript">
suiteTableInitFunctions.push('tableData_Suite');
function tableData_Suite() {
var data = new google.visualization.DataTable();
data.addColumn('number', 'Number');
data.addColumn('string', 'Method');
data.addColumn('string', 'Class');
data.addColumn('number', 'Time (ms)');
data.addRows(25);
data.setCell(0, 0, 0)
data.setCell(0, 1, 'TC_18_ValidateAddToCartFromSearchbarWithnoData')
data.setCell(0, 2, 'com.dollardays.testcases.AddToCartTestcases')
data.setCell(0, 3, 41901);
data.setCell(1, 0, 1)
data.setCell(1, 1, 'TC_05_Validate_update_cart_hyper_link_in_the_shopping_cart_page')
data.setCell(1, 2, 'com.dollardays.testcases.AddToCartPPETestcase')
data.setCell(1, 3, 40348);
data.setCell(2, 0, 2)
data.setCell(2, 1, 'TC_13_validate_no_of_cases_textbox_with_zero')
data.setCell(2, 2, 'com.dollardays.testcases.AddToCartPPETestcase')
data.setCell(2, 3, 27713);
data.setCell(3, 0, 3)
data.setCell(3, 1, 'TC_24_addtocartvalidate_shopallbtn_clickonimage')
data.setCell(3, 2, 'com.dollardays.testcases.AddToCartTestcases')
data.setCell(3, 3, 24947);
data.setCell(4, 0, 4)
data.setCell(4, 1, 'TC_14_validate_no_of_cases_textbox_with_character')
data.setCell(4, 2, 'com.dollardays.testcases.AddToCartPPETestcase')
data.setCell(4, 3, 24903);
data.setCell(5, 0, 5)
data.setCell(5, 1, 'TC_06_Validate_the_case_quantity_text_box_with_valid_data_in_the_shopping_cart_page')
data.setCell(5, 2, 'com.dollardays.testcases.AddToCartPPETestcase')
data.setCell(5, 3, 23704);
data.setCell(6, 0, 6)
data.setCell(6, 1, 'TC_11_validate_no_of_cases_textbox_with_valid_data')
data.setCell(6, 2, 'com.dollardays.testcases.AddToCartPPETestcase')
data.setCell(6, 3, 23169);
data.setCell(7, 0, 7)
data.setCell(7, 1, 'TC_19_ValidateAddToCartFromSearchbarWithValidData')
data.setCell(7, 2, 'com.dollardays.testcases.AddToCartTestcases')
data.setCell(7, 3, 22667);
data.setCell(8, 0, 8)
data.setCell(8, 1, 'TC_07_Validate_the_case_quantity_text_box_with_zero_value_and_verify_the_shopping_cart_page')
data.setCell(8, 2, 'com.dollardays.testcases.AddToCartPPETestcase')
data.setCell(8, 3, 22536);
data.setCell(9, 0, 9)
data.setCell(9, 1, 'TC_02_validate_the_user_is_able_to_add_one_item_from_ppe_category_throught_product_page_and_verify_cart_icon')
data.setCell(9, 2, 'com.dollardays.testcases.AddToCartPPETestcase')
data.setCell(9, 3, 22113);
data.setCell(10, 0, 10)
data.setCell(10, 1, 'TC_08_Validate_the_case_quantity_text_box_with_invalid_data_in_the_shopping_cart_page')
data.setCell(10, 2, 'com.dollardays.testcases.AddToCartPPETestcase')
data.setCell(10, 3, 20464);
data.setCell(11, 0, 11)
data.setCell(11, 1, 'TC_03_Validate_the_user_is_able_to_add_one_item_to_the_cart_from_PPE_and_Mask_category_and_verify_cart_icon')
data.setCell(11, 2, 'com.dollardays.testcases.AddToCartPPETestcase')
data.setCell(11, 3, 20225);
data.setCell(12, 0, 12)
data.setCell(12, 1, 'TC_10_Validate_the_cart_when_the_user_signoff_and_signin_with_valid_credentials')
data.setCell(12, 2, 'com.dollardays.testcases.AddToCartPPETestcase')
data.setCell(12, 3, 20031);
data.setCell(13, 0, 13)
data.setCell(13, 1, 'TC_25_addtocartvalidate_clickonimage')
data.setCell(13, 2, 'com.dollardays.testcases.AddToCartTestcases')
data.setCell(13, 3, 19194);
data.setCell(14, 0, 14)
data.setCell(14, 1, 'TC_09_Validate_the_case_quantity_text_box_with_boundary_value_in_the_shopping_cart_page')
data.setCell(14, 2, 'com.dollardays.testcases.AddToCartPPETestcase')
data.setCell(14, 3, 18633);
data.setCell(15, 0, 15)
data.setCell(15, 1, 'TC_15_ValidateAddToCart_BuyNow_smallercasepacks')
data.setCell(15, 2, 'com.dollardays.testcases.AddToCartTestcases')
data.setCell(15, 3, 16908);
data.setCell(16, 0, 16)
data.setCell(16, 1, 'TC_20_Validate_addtocart_by_clicking_on_buy_nowbutton_from_adv_banner_without_login')
data.setCell(16, 2, 'com.dollardays.testcases.AddToCartTestcases')
data.setCell(16, 3, 16853);
data.setCell(17, 0, 17)
data.setCell(17, 1, 'TC_04_validate_the_user_is_able_to_add_multiple_items_from_PPE_and_Mask_page_and_verify_shopping_cart')
data.setCell(17, 2, 'com.dollardays.testcases.AddToCartPPETestcase')
data.setCell(17, 3, 15540);
data.setCell(18, 0, 18)
data.setCell(18, 1, 'TC_16_ValidateAddToCart_BuyNow_3PlyFaceMask')
data.setCell(18, 2, 'com.dollardays.testcases.AddToCartTestcases')
data.setCell(18, 3, 14802);
data.setCell(19, 0, 19)
data.setCell(19, 1, 'TC_17_ValidateAddToCart_BuyNow_PremiumAlcoholWipes')
data.setCell(19, 2, 'com.dollardays.testcases.AddToCartTestcases')
data.setCell(19, 3, 13234);
data.setCell(20, 0, 20)
data.setCell(20, 1, 'TC_12_Validate_the_number_of_case_text_box_in_the_product_page')
data.setCell(20, 2, 'com.dollardays.testcases.AddToCartPPETestcase')
data.setCell(20, 3, 11233);
data.setCell(21, 0, 21)
data.setCell(21, 1, 'TC_01_validate_clear_cart_hyperlink_in_the_shopping_cart_page')
data.setCell(21, 2, 'com.dollardays.testcases.AddToCartPPETestcase')
data.setCell(21, 3, 10945);
data.setCell(22, 0, 22)
data.setCell(22, 1, 'TC_23_addtocartvalidate')
data.setCell(22, 2, 'com.dollardays.testcases.AddToCartTestcases')
data.setCell(22, 3, 6768);
data.setCell(23, 0, 23)
data.setCell(23, 1, 'TC_22_addtocartvalidate')
data.setCell(23, 2, 'com.dollardays.testcases.AddToCartTestcases')
data.setCell(23, 3, 6494);
data.setCell(24, 0, 24)
data.setCell(24, 1, 'TC_21_addtocartvalidate')
data.setCell(24, 2, 'com.dollardays.testcases.AddToCartTestcases')
data.setCell(24, 3, 6340);
window.suiteTableData['Suite']= { tableData: data, tableDiv: 'times-div-Suite'}
return data;
}
              </script>
              <span class="suite-total-time">Total running time: 8 minutes</span>
              <div id="times-div-Suite">
              </div> <!-- times-div-Suite -->
            </div> <!-- times-div -->
          </div> <!-- main-panel-content rounded-window-bottom -->
        </div> <!-- panel -->
        <div panel-name="reporter-Suite" class="panel">
          <div class="main-panel-header rounded-window-top">
            <span class="header-content">Reporter output for Suite</span>
          </div> <!-- main-panel-header rounded-window-top -->
          <div class="main-panel-content rounded-window-bottom">
          </div> <!-- main-panel-content rounded-window-bottom -->
        </div> <!-- panel -->
        <div panel-name="ignored-methods-Suite" class="panel">
          <div class="main-panel-header rounded-window-top">
            <span class="header-content">0 ignored methods</span>
          </div> <!-- main-panel-header rounded-window-top -->
          <div class="main-panel-content rounded-window-bottom">
          </div> <!-- main-panel-content rounded-window-bottom -->
        </div> <!-- panel -->
        <div panel-name="chronological-Suite" class="panel">
          <div class="main-panel-header rounded-window-top">
            <span class="header-content">Methods in chronological order</span>
          </div> <!-- main-panel-header rounded-window-top -->
          <div class="main-panel-content rounded-window-bottom">
            <div class="chronological-class">
              <div class="chronological-class-name">com.dollardays.testcases.AddToCartTestcases</div> <!-- chronological-class-name -->
              <div class="configuration-method before">
                <span class="method-name">setUpBrowser</span>
                <span class="method-start">0 ms</span>
              </div> <!-- configuration-method before -->
            </div> <!-- chronological-class -->
            <div class="chronological-class">
              <div class="chronological-class-name">com.dollardays.testcases.AddToCartPPETestcase</div> <!-- chronological-class-name -->
              <div class="configuration-method before">
                <span class="method-name">setUpBrowser</span>
                <span class="method-start">0 ms</span>
              </div> <!-- configuration-method before -->
            </div> <!-- chronological-class -->
            <div class="chronological-class">
              <div class="chronological-class-name">com.dollardays.testcases.AddToCartTestcases</div> <!-- chronological-class-name -->
              <div class="test-method">
                <span class="method-name">TC_15_ValidateAddToCart_BuyNow_smallercasepacks({TestCase=valid Login data, Password=c2FpYmFiYTE=, Runmode=Yes, SheetName=AddTOCartPPE, UserName=vid...)</span>
                <span class="method-start">16068 ms</span>
              </div> <!-- test-method -->
            </div> <!-- chronological-class -->
            <div class="chronological-class">
              <div class="chronological-class-name">com.dollardays.testcases.AddToCartPPETestcase</div> <!-- chronological-class-name -->
              <div class="test-method">
                <span class="method-name">TC_01_validate_clear_cart_hyperlink_in_the_shopping_cart_page({TestCase=valid Login data, Password=c2FpYmFiYTE=, Runmode=Yes, SheetName=AddTOCartPPE, UserName=vid...)</span>
                <span class="method-start">16291 ms</span>
              </div> <!-- test-method -->
              <div class="configuration-method after">
                <span class="method-name">quit</span>
                <span class="method-start">27243 ms</span>
              </div> <!-- configuration-method after -->
              <div class="configuration-method before">
                <span class="method-name">setUpBrowser</span>
                <span class="method-start">32532 ms</span>
              </div> <!-- configuration-method before -->
            </div> <!-- chronological-class -->
            <div class="chronological-class">
              <div class="chronological-class-name">com.dollardays.testcases.AddToCartTestcases</div> <!-- chronological-class-name -->
              <div class="configuration-method after">
                <span class="method-name">quit</span>
                <span class="method-start">32977 ms</span>
              </div> <!-- configuration-method after -->
              <div class="configuration-method before">
                <span class="method-name">setUpBrowser</span>
                <span class="method-start">38034 ms</span>
              </div> <!-- configuration-method before -->
            </div> <!-- chronological-class -->
            <div class="chronological-class">
              <div class="chronological-class-name">com.dollardays.testcases.AddToCartPPETestcase</div> <!-- chronological-class-name -->
              <div class="test-method">
                <span class="method-name">TC_02_validate_the_user_is_able_to_add_one_item_from_ppe_category_throught_product_page_and_verify_cart_icon({TestCase=valid Login data, Password=c2FpYmFiYTE=, Runmode=Yes, SheetName=AddToCartPPE, UserName=vid...)</span>
                <span class="method-start">46860 ms</span>
              </div> <!-- test-method -->
            </div> <!-- chronological-class -->
            <div class="chronological-class">
              <div class="chronological-class-name">com.dollardays.testcases.AddToCartTestcases</div> <!-- chronological-class-name -->
              <div class="test-method">
                <span class="method-name">TC_16_ValidateAddToCart_BuyNow_3PlyFaceMask({TestCase=valid Login data, Password=c2FpYmFiYTE=, Runmode=Yes, SheetName=AddTOCartPPE, UserName=vid...)</span>
                <span class="method-start">52804 ms</span>
              </div> <!-- test-method -->
              <div class="configuration-method after">
                <span class="method-name">quit</span>
                <span class="method-start">67607 ms</span>
              </div> <!-- configuration-method after -->
            </div> <!-- chronological-class -->
            <div class="chronological-class">
              <div class="chronological-class-name">com.dollardays.testcases.AddToCartPPETestcase</div> <!-- chronological-class-name -->
              <div class="configuration-method after">
                <span class="method-name">quit</span>
                <span class="method-start">68975 ms</span>
              </div> <!-- configuration-method after -->
            </div> <!-- chronological-class -->
            <div class="chronological-class">
              <div class="chronological-class-name">com.dollardays.testcases.AddToCartTestcases</div> <!-- chronological-class-name -->
              <div class="configuration-method before">
                <span class="method-name">setUpBrowser</span>
                <span class="method-start">72724 ms</span>
              </div> <!-- configuration-method before -->
            </div> <!-- chronological-class -->
            <div class="chronological-class">
              <div class="chronological-class-name">com.dollardays.testcases.AddToCartPPETestcase</div> <!-- chronological-class-name -->
              <div class="configuration-method before">
                <span class="method-name">setUpBrowser</span>
                <span class="method-start">73999 ms</span>
              </div> <!-- configuration-method before -->
            </div> <!-- chronological-class -->
            <div class="chronological-class">
              <div class="chronological-class-name">com.dollardays.testcases.AddToCartTestcases</div> <!-- chronological-class-name -->
              <div class="test-method">
                <span class="method-name">TC_17_ValidateAddToCart_BuyNow_PremiumAlcoholWipes({TestCase=valid Login data, Password=c2FpYmFiYTE=, Runmode=Yes, SheetName=AddTOCartPPE, UserName=vid...)</span>
                <span class="method-start">86652 ms</span>
              </div> <!-- test-method -->
            </div> <!-- chronological-class -->
            <div class="chronological-class">
              <div class="chronological-class-name">com.dollardays.testcases.AddToCartPPETestcase</div> <!-- chronological-class-name -->
              <div class="test-method">
                <span class="method-name">TC_03_Validate_the_user_is_able_to_add_one_item_to_the_cart_from_PPE_and_Mask_category_and_verify_cart_icon({TestCase=valid Login data, Password=c2FpYmFiYTE=, Runmode=Yes, SheetName=AddTOCartPPE, UserName=vid...)</span>
                <span class="method-start">88463 ms</span>
              </div> <!-- test-method -->
            </div> <!-- chronological-class -->
            <div class="chronological-class">
              <div class="chronological-class-name">com.dollardays.testcases.AddToCartTestcases</div> <!-- chronological-class-name -->
              <div class="configuration-method after">
                <span class="method-name">quit</span>
                <span class="method-start">99887 ms</span>
              </div> <!-- configuration-method after -->
              <div class="configuration-method before">
                <span class="method-name">setUpBrowser</span>
                <span class="method-start">105026 ms</span>
              </div> <!-- configuration-method before -->
            </div> <!-- chronological-class -->
            <div class="chronological-class">
              <div class="chronological-class-name">com.dollardays.testcases.AddToCartPPETestcase</div> <!-- chronological-class-name -->
              <div class="configuration-method after">
                <span class="method-name">quit</span>
                <span class="method-start">108689 ms</span>
              </div> <!-- configuration-method after -->
              <div class="configuration-method before">
                <span class="method-name">setUpBrowser</span>
                <span class="method-start">113548 ms</span>
              </div> <!-- configuration-method before -->
            </div> <!-- chronological-class -->
            <div class="chronological-class">
              <div class="chronological-class-name">com.dollardays.testcases.AddToCartTestcases</div> <!-- chronological-class-name -->
              <div class="test-method">
                <img src="failed.png">
                </img>
                <span class="method-name">TC_18_ValidateAddToCartFromSearchbarWithnoData({TestCase=valid Login data, Password=c2FpYmFiYTE=, Runmode=Yes, SheetName=AddTOCartPPE, UserName=vid...)</span>
                <span class="method-start">119238 ms</span>
              </div> <!-- test-method -->
            </div> <!-- chronological-class -->
            <div class="chronological-class">
              <div class="chronological-class-name">com.dollardays.testcases.AddToCartPPETestcase</div> <!-- chronological-class-name -->
              <div class="test-method">
                <img src="failed.png">
                </img>
                <span class="method-name">TC_04_validate_the_user_is_able_to_add_multiple_items_from_PPE_and_Mask_page_and_verify_shopping_cart({TestCase=valid Login data, Password=c2FpYmFiYTE=, Runmode=Yes, SheetName=AddTOCartPPE, UserName=vid...)</span>
                <span class="method-start">128719 ms</span>
              </div> <!-- test-method -->
              <div class="configuration-method after">
                <span class="method-name">quit</span>
                <span class="method-start">144265 ms</span>
              </div> <!-- configuration-method after -->
              <div class="configuration-method before">
                <span class="method-name">setUpBrowser</span>
                <span class="method-start">149346 ms</span>
              </div> <!-- configuration-method before -->
            </div> <!-- chronological-class -->
            <div class="chronological-class">
              <div class="chronological-class-name">com.dollardays.testcases.AddToCartTestcases</div> <!-- chronological-class-name -->
              <div class="configuration-method after">
                <span class="method-name">quit</span>
                <span class="method-start">161142 ms</span>
              </div> <!-- configuration-method after -->
            </div> <!-- chronological-class -->
            <div class="chronological-class">
              <div class="chronological-class-name">com.dollardays.testcases.AddToCartPPETestcase</div> <!-- chronological-class-name -->
              <div class="test-method">
                <span class="method-name">TC_05_Validate_update_cart_hyper_link_in_the_shopping_cart_page({TestCase=valid Login data, Password=c2FpYmFiYTE=, Runmode=Yes, SheetName=AddTOCartPPE, UserName=vid...)</span>
                <span class="method-start">163538 ms</span>
              </div> <!-- test-method -->
            </div> <!-- chronological-class -->
            <div class="chronological-class">
              <div class="chronological-class-name">com.dollardays.testcases.AddToCartTestcases</div> <!-- chronological-class-name -->
              <div class="configuration-method before">
                <span class="method-name">setUpBrowser</span>
                <span class="method-start">166273 ms</span>
              </div> <!-- configuration-method before -->
              <div class="test-method">
                <span class="method-name">TC_19_ValidateAddToCartFromSearchbarWithValidData({TestCase=valid Login data, Password=c2FpYmFiYTE=, Runmode=Yes, SheetName=AddTOCartPPE, UserName=vid...)</span>
                <span class="method-start">180614 ms</span>
              </div> <!-- test-method -->
              <div class="configuration-method after">
                <span class="method-name">quit</span>
                <span class="method-start">203282 ms</span>
              </div> <!-- configuration-method after -->
            </div> <!-- chronological-class -->
            <div class="chronological-class">
              <div class="chronological-class-name">com.dollardays.testcases.AddToCartPPETestcase</div> <!-- chronological-class-name -->
              <div class="configuration-method after">
                <span class="method-name">quit</span>
                <span class="method-start">203887 ms</span>
              </div> <!-- configuration-method after -->
            </div> <!-- chronological-class -->
            <div class="chronological-class">
              <div class="chronological-class-name">com.dollardays.testcases.AddToCartTestcases</div> <!-- chronological-class-name -->
              <div class="configuration-method before">
                <span class="method-name">setUpBrowser</span>
                <span class="method-start">208368 ms</span>
              </div> <!-- configuration-method before -->
            </div> <!-- chronological-class -->
            <div class="chronological-class">
              <div class="chronological-class-name">com.dollardays.testcases.AddToCartPPETestcase</div> <!-- chronological-class-name -->
              <div class="configuration-method before">
                <span class="method-name">setUpBrowser</span>
                <span class="method-start">208921 ms</span>
              </div> <!-- configuration-method before -->
            </div> <!-- chronological-class -->
            <div class="chronological-class">
              <div class="chronological-class-name">com.dollardays.testcases.AddToCartTestcases</div> <!-- chronological-class-name -->
              <div class="test-method">
                <img src="failed.png">
                </img>
                <span class="method-name">TC_20_Validate_addtocart_by_clicking_on_buy_nowbutton_from_adv_banner_without_login({TestCase=valid Login data, Password=c2FpYmFiYTE=, Runmode=Yes, SheetName=AddTOCartPPE, UserName=vid...)</span>
                <span class="method-start">225705 ms</span>
              </div> <!-- test-method -->
            </div> <!-- chronological-class -->
            <div class="chronological-class">
              <div class="chronological-class-name">com.dollardays.testcases.AddToCartPPETestcase</div> <!-- chronological-class-name -->
              <div class="test-method">
                <span class="method-name">TC_06_Validate_the_case_quantity_text_box_with_valid_data_in_the_shopping_cart_page({TestCase=valid Login data, Password=c2FpYmFiYTE=, Runmode=Yes, SheetName=AddTOCartPPE, UserName=vid...)</span>
                <span class="method-start">227080 ms</span>
              </div> <!-- test-method -->
            </div> <!-- chronological-class -->
            <div class="chronological-class">
              <div class="chronological-class-name">com.dollardays.testcases.AddToCartTestcases</div> <!-- chronological-class-name -->
              <div class="configuration-method after">
                <span class="method-name">quit</span>
                <span class="method-start">242561 ms</span>
              </div> <!-- configuration-method after -->
              <div class="configuration-method before">
                <span class="method-name">setUpBrowser</span>
                <span class="method-start">247694 ms</span>
              </div> <!-- configuration-method before -->
            </div> <!-- chronological-class -->
            <div class="chronological-class">
              <div class="chronological-class-name">com.dollardays.testcases.AddToCartPPETestcase</div> <!-- chronological-class-name -->
              <div class="configuration-method after">
                <span class="method-name">quit</span>
                <span class="method-start">250785 ms</span>
              </div> <!-- configuration-method after -->
              <div class="configuration-method before">
                <span class="method-name">setUpBrowser</span>
                <span class="method-start">255821 ms</span>
              </div> <!-- configuration-method before -->
            </div> <!-- chronological-class -->
            <div class="chronological-class">
              <div class="chronological-class-name">com.dollardays.testcases.AddToCartTestcases</div> <!-- chronological-class-name -->
              <div class="test-method">
                <img src="failed.png">
                </img>
                <span class="method-name">TC_21_addtocartvalidate({TestCase=valid Login data, Password=c2FpYmFiYTE=, Runmode=Yes, SheetName=AddTOCartPPE, UserName=vid...)</span>
                <span class="method-start">261147 ms</span>
              </div> <!-- test-method -->
              <div class="configuration-method after">
                <span class="method-name">quit</span>
                <span class="method-start">267489 ms</span>
              </div> <!-- configuration-method after -->
            </div> <!-- chronological-class -->
            <div class="chronological-class">
              <div class="chronological-class-name">com.dollardays.testcases.AddToCartPPETestcase</div> <!-- chronological-class-name -->
              <div class="test-method">
                <span class="method-name">TC_07_Validate_the_case_quantity_text_box_with_zero_value_and_verify_the_shopping_cart_page({TestCase=valid Login data, Password=c2FpYmFiYTE=, Runmode=Yes, SheetName=AddTOCartPPE, UserName=vid...)</span>
                <span class="method-start">269641 ms</span>
              </div> <!-- test-method -->
            </div> <!-- chronological-class -->
            <div class="chronological-class">
              <div class="chronological-class-name">com.dollardays.testcases.AddToCartTestcases</div> <!-- chronological-class-name -->
              <div class="configuration-method before">
                <span class="method-name">setUpBrowser</span>
                <span class="method-start">272672 ms</span>
              </div> <!-- configuration-method before -->
              <div class="test-method">
                <img src="failed.png">
                </img>
                <span class="method-name">TC_22_addtocartvalidate({TestCase=valid Login data, Password=c2FpYmFiYTE=, Runmode=Yes, SheetName=AddTOCartPPE, UserName=vid...)</span>
                <span class="method-start">286569 ms</span>
              </div> <!-- test-method -->
            </div> <!-- chronological-class -->
            <div class="chronological-class">
              <div class="chronological-class-name">com.dollardays.testcases.AddToCartPPETestcase</div> <!-- chronological-class-name -->
              <div class="configuration-method after">
                <span class="method-name">quit</span>
                <span class="method-start">292178 ms</span>
              </div> <!-- configuration-method after -->
            </div> <!-- chronological-class -->
            <div class="chronological-class">
              <div class="chronological-class-name">com.dollardays.testcases.AddToCartTestcases</div> <!-- chronological-class-name -->
              <div class="configuration-method after">
                <span class="method-name">quit</span>
                <span class="method-start">293066 ms</span>
              </div> <!-- configuration-method after -->
            </div> <!-- chronological-class -->
            <div class="chronological-class">
              <div class="chronological-class-name">com.dollardays.testcases.AddToCartPPETestcase</div> <!-- chronological-class-name -->
              <div class="configuration-method before">
                <span class="method-name">setUpBrowser</span>
                <span class="method-start">297241 ms</span>
              </div> <!-- configuration-method before -->
            </div> <!-- chronological-class -->
            <div class="chronological-class">
              <div class="chronological-class-name">com.dollardays.testcases.AddToCartTestcases</div> <!-- chronological-class-name -->
              <div class="configuration-method before">
                <span class="method-name">setUpBrowser</span>
                <span class="method-start">298108 ms</span>
              </div> <!-- configuration-method before -->
            </div> <!-- chronological-class -->
            <div class="chronological-class">
              <div class="chronological-class-name">com.dollardays.testcases.AddToCartPPETestcase</div> <!-- chronological-class-name -->
              <div class="test-method">
                <span class="method-name">TC_08_Validate_the_case_quantity_text_box_with_invalid_data_in_the_shopping_cart_page({TestCase=valid Login data, Password=c2FpYmFiYTE=, Runmode=Yes, SheetName=AddTOCartPPE, UserName=vid...)</span>
                <span class="method-start">312059 ms</span>
              </div> <!-- test-method -->
            </div> <!-- chronological-class -->
            <div class="chronological-class">
              <div class="chronological-class-name">com.dollardays.testcases.AddToCartTestcases</div> <!-- chronological-class-name -->
              <div class="test-method">
                <img src="failed.png">
                </img>
                <span class="method-name">TC_23_addtocartvalidate({TestCase=valid Login data, Password=c2FpYmFiYTE=, Runmode=Yes, SheetName=AddTOCartPPE, UserName=vid...)</span>
                <span class="method-start">313410 ms</span>
              </div> <!-- test-method -->
              <div class="configuration-method after">
                <span class="method-name">quit</span>
                <span class="method-start">320180 ms</span>
              </div> <!-- configuration-method after -->
              <div class="configuration-method before">
                <span class="method-name">setUpBrowser</span>
                <span class="method-start">325575 ms</span>
              </div> <!-- configuration-method before -->
            </div> <!-- chronological-class -->
            <div class="chronological-class">
              <div class="chronological-class-name">com.dollardays.testcases.AddToCartPPETestcase</div> <!-- chronological-class-name -->
              <div class="configuration-method after">
                <span class="method-name">quit</span>
                <span class="method-start">332524 ms</span>
              </div> <!-- configuration-method after -->
              <div class="configuration-method before">
                <span class="method-name">setUpBrowser</span>
                <span class="method-start">337611 ms</span>
              </div> <!-- configuration-method before -->
            </div> <!-- chronological-class -->
            <div class="chronological-class">
              <div class="chronological-class-name">com.dollardays.testcases.AddToCartTestcases</div> <!-- chronological-class-name -->
              <div class="test-method">
                <span class="method-name">TC_24_addtocartvalidate_shopallbtn_clickonimage({TestCase=valid Login data, Password=c2FpYmFiYTE=, Runmode=Yes, SheetName=AddTOCartPPE, UserName=vid...)</span>
                <span class="method-start">339573 ms</span>
              </div> <!-- test-method -->
            </div> <!-- chronological-class -->
            <div class="chronological-class">
              <div class="chronological-class-name">com.dollardays.testcases.AddToCartPPETestcase</div> <!-- chronological-class-name -->
              <div class="test-method">
                <span class="method-name">TC_09_Validate_the_case_quantity_text_box_with_boundary_value_in_the_shopping_cart_page({TestCase=valid Login data, Password=c2FpYmFiYTE=, Runmode=Yes, SheetName=AddTOCartPPE, UserName=vid...)</span>
                <span class="method-start">357921 ms</span>
              </div> <!-- test-method -->
            </div> <!-- chronological-class -->
            <div class="chronological-class">
              <div class="chronological-class-name">com.dollardays.testcases.AddToCartTestcases</div> <!-- chronological-class-name -->
              <div class="configuration-method after">
                <span class="method-name">quit</span>
                <span class="method-start">364520 ms</span>
              </div> <!-- configuration-method after -->
              <div class="configuration-method before">
                <span class="method-name">setUpBrowser</span>
                <span class="method-start">369676 ms</span>
              </div> <!-- configuration-method before -->
            </div> <!-- chronological-class -->
            <div class="chronological-class">
              <div class="chronological-class-name">com.dollardays.testcases.AddToCartPPETestcase</div> <!-- chronological-class-name -->
              <div class="configuration-method after">
                <span class="method-name">quit</span>
                <span class="method-start">376555 ms</span>
              </div> <!-- configuration-method after -->
              <div class="configuration-method before">
                <span class="method-name">setUpBrowser</span>
                <span class="method-start">377460 ms</span>
              </div> <!-- configuration-method before -->
            </div> <!-- chronological-class -->
            <div class="chronological-class">
              <div class="chronological-class-name">com.dollardays.testcases.AddToCartTestcases</div> <!-- chronological-class-name -->
              <div class="test-method">
                <span class="method-name">TC_25_addtocartvalidate_clickonimage({TestCase=valid Login data, Password=c2FpYmFiYTE=, Runmode=Yes, SheetName=AddTOCartPPE, UserName=vid...)</span>
                <span class="method-start">384206 ms</span>
              </div> <!-- test-method -->
            </div> <!-- chronological-class -->
            <div class="chronological-class">
              <div class="chronological-class-name">com.dollardays.testcases.AddToCartPPETestcase</div> <!-- chronological-class-name -->
              <div class="test-method">
                <span class="method-name">TC_10_Validate_the_cart_when_the_user_signoff_and_signin_with_valid_credentials({TestCase=valid Login data, Password=c2FpYmFiYTE=, Runmode=Yes, SheetName=AddTOCartPPE, UserName=vid...)</span>
                <span class="method-start">393058 ms</span>
              </div> <!-- test-method -->
            </div> <!-- chronological-class -->
            <div class="chronological-class">
              <div class="chronological-class-name">com.dollardays.testcases.AddToCartTestcases</div> <!-- chronological-class-name -->
              <div class="configuration-method after">
                <span class="method-name">quit</span>
                <span class="method-start">403400 ms</span>
              </div> <!-- configuration-method after -->
            </div> <!-- chronological-class -->
            <div class="chronological-class">
              <div class="chronological-class-name">com.dollardays.testcases.AddToCartPPETestcase</div> <!-- chronological-class-name -->
              <div class="configuration-method after">
                <span class="method-name">quit</span>
                <span class="method-start">413090 ms</span>
              </div> <!-- configuration-method after -->
              <div class="configuration-method before">
                <span class="method-name">setUpBrowser</span>
                <span class="method-start">418103 ms</span>
              </div> <!-- configuration-method before -->
              <div class="test-method">
                <span class="method-name">TC_11_validate_no_of_cases_textbox_with_valid_data({TestCase=valid Login data, Password=c2FpYmFiYTE=, Runmode=Yes, SheetName=AddTOCartPPE, UserName=vid...)</span>
                <span class="method-start">432028 ms</span>
              </div> <!-- test-method -->
              <div class="configuration-method after">
                <span class="method-name">quit</span>
                <span class="method-start">455198 ms</span>
              </div> <!-- configuration-method after -->
              <div class="configuration-method before">
                <span class="method-name">setUpBrowser</span>
                <span class="method-start">459975 ms</span>
              </div> <!-- configuration-method before -->
              <div class="test-method">
                <span class="method-name">TC_12_Validate_the_number_of_case_text_box_in_the_product_page({TestCase=valid Login data, Password=c2FpYmFiYTE=, Runmode=Yes, SheetName=AddTOCartPPE, UserName=vid...)</span>
                <span class="method-start">474489 ms</span>
              </div> <!-- test-method -->
              <div class="configuration-method after">
                <span class="method-name">quit</span>
                <span class="method-start">485723 ms</span>
              </div> <!-- configuration-method after -->
              <div class="configuration-method before">
                <span class="method-name">setUpBrowser</span>
                <span class="method-start">490744 ms</span>
              </div> <!-- configuration-method before -->
              <div class="test-method">
                <span class="method-name">TC_13_validate_no_of_cases_textbox_with_zero({TestCase=valid Login data, Password=c2FpYmFiYTE=, Runmode=Yes, SheetName=AddTOCartPPE, UserName=vid...)</span>
                <span class="method-start">504141 ms</span>
              </div> <!-- test-method -->
              <div class="configuration-method after">
                <span class="method-name">quit</span>
                <span class="method-start">531855 ms</span>
              </div> <!-- configuration-method after -->
              <div class="configuration-method before">
                <span class="method-name">setUpBrowser</span>
                <span class="method-start">536895 ms</span>
              </div> <!-- configuration-method before -->
              <div class="test-method">
                <span class="method-name">TC_14_validate_no_of_cases_textbox_with_character({TestCase=valid Login data, Password=c2FpYmFiYTE=, Runmode=Yes, SheetName=AddTOCartPPE, UserName=vid...)</span>
                <span class="method-start">551123 ms</span>
              </div> <!-- test-method -->
              <div class="configuration-method after">
                <span class="method-name">quit</span>
                <span class="method-start">576027 ms</span>
              </div> <!-- configuration-method after -->
          </div> <!-- main-panel-content rounded-window-bottom -->
        </div> <!-- panel -->
      </div> <!-- main-panel-root -->
    </div> <!-- wrapper -->
  </body>
<script type="text/javascript" src="testng-reports2.js"></script>
</html>
