<?xml version="1.0" encoding="UTF-8"?>
<!-- Generated by org.testng.reporters.JUnitReportReporter -->
<testsuite skipped="0" hostname="MININT-UM25UFB" name="com.dollardays.testcases.AddToCartPPETestcase" tests="14" failures="0" timestamp="2020-09-24T13:08:16 EDT" time="580.741" errors="1">
  <testcase name="TC_09_Validate_the_case_quantity_text_box_with_boundary_value_in_the_shopping_cart_page" time="32.922" classname="com.dollardays.testcases.AddToCartPPETestcase"/>
  <system-out/>
  <testcase name="TC_13_validate_no_of_cases_textbox_with_zero" time="47.880" classname="com.dollardays.testcases.AddToCartPPETestcase"/>
  <system-out/>
  <testcase name="TC_02_validate_the_user_is_able_to_add_one_item_from_ppe_category_throught_product_page_and_verify_cart_icon" time="41.992" classname="com.dollardays.testcases.AddToCartPPETestcase"/>
  <system-out/>
  <testcase name="TC_05_Validate_update_cart_hyper_link_in_the_shopping_cart_page" time="59.577" classname="com.dollardays.testcases.AddToCartPPETestcase"/>
  <system-out/>
  <testcase name="TC_12_Validate_the_number_of_case_text_box_in_the_product_page" time="36.369" classname="com.dollardays.testcases.AddToCartPPETestcase"/>
  <system-out/>
  <testcase name="TC_11_validate_no_of_cases_textbox_with_valid_data" time="43.812" classname="com.dollardays.testcases.AddToCartPPETestcase"/>
  <system-out/>
  <testcase name="TC_14_validate_no_of_cases_textbox_with_character" time="48.265" classname="com.dollardays.testcases.AddToCartPPETestcase"/>
  <system-out/>
  <testcase name="TC_01_validate_clear_cart_hyperlink_in_the_shopping_cart_page" time="30.330" classname="com.dollardays.testcases.AddToCartPPETestcase"/>
  <system-out/>
  <testcase name="TC_08_Validate_the_case_quantity_text_box_with_invalid_data_in_the_shopping_cart_page" time="39.145" classname="com.dollardays.testcases.AddToCartPPETestcase"/>
  <system-out/>
  <testcase name="TC_04_validate_the_user_is_able_to_add_multiple_items_from_PPE_and_Mask_page_and_verify_shopping_cart" time="34.745" classname="com.dollardays.testcases.AddToCartPPETestcase">
    <error type="org.openqa.selenium.NoSuchElementException" message="no such element: Unable to locate element: {&quot;method&quot;:&quot;id&quot;,&quot;selector&quot;:&quot;ctl00_cphContent_btnClearCart&quot;}
  (Session info: chrome=85.0.4183.121)
  (Driver info: chromedriver=85.0.4183.87 (cd6713ebf92fa1cacc0f1a598df280093af0c5d7-refs/branch-heads/4183@{#1689}),platform=Windows NT 10.0.18362 x86_64) (WARNING: The server did not provide any stacktrace information)
Command duration or timeout: 13 milliseconds
For documentation on this error, please visit: http://seleniumhq.org/exceptions/no_such_element.html
Build info: version: &#039;2.53.1&#039;, revision: &#039;a36b8b1cd5757287168e54b817830adce9b0158d&#039;, time: &#039;2016-06-30 19:26:09&#039;
System info: host: &#039;MININT-UM25UFB&#039;, ip: &#039;10.0.75.1&#039;, os.name: &#039;Windows 10&#039;, os.arch: &#039;amd64&#039;, os.version: &#039;10.0&#039;, java.version: &#039;1.8.0_261&#039;
Driver info: org.openqa.selenium.chrome.ChromeDriver
Capabilities [{mobileEmulationEnabled=false, timeouts={implicit=0, pageLoad=300000, script=30000}, hasTouchScreen=false, platform=XP, acceptSslCerts=false, goog:chromeOptions={debuggerAddress=localhost:54538}, acceptInsecureCerts=false, webStorageEnabled=true, browserName=chrome, takesScreenshot=true, javascriptEnabled=true, setWindowRect=true, unexpectedAlertBehaviour=ignore, applicationCacheEnabled=false, rotatable=false, networkConnectionEnabled=false, chrome={chromedriverVersion=85.0.4183.87 (cd6713ebf92fa1cacc0f1a598df280093af0c5d7-refs/branch-heads/4183@{#1689}), userDataDir=C:\Users\Rajesh\AppData\Local\Temp\scoped_dir7596_1800887352}, takesHeapSnapshot=true, pageLoadStrategy=normal, strictFileInteractability=false, databaseEnabled=false, handlesAlerts=true, version=85.0.4183.121, browserConnectionEnabled=false, proxy={}, nativeEvents=true, locationContextEnabled=true, cssSelectorsEnabled=true, webauthn:virtualAuthenticators=true}]
Session ID: 6d3ffd434a09cec21481eca0195a5c55
*** Element info: {Using=id, value=ctl00_cphContent_btnClearCart}">
      <![CDATA[org.openqa.selenium.NoSuchElementException: no such element: Unable to locate element: {"method":"id","selector":"ctl00_cphContent_btnClearCart"}
  (Session info: chrome=85.0.4183.121)
  (Driver info: chromedriver=85.0.4183.87 (cd6713ebf92fa1cacc0f1a598df280093af0c5d7-refs/branch-heads/4183@{#1689}),platform=Windows NT 10.0.18362 x86_64) (WARNING: The server did not provide any stacktrace information)
Command duration or timeout: 13 milliseconds
For documentation on this error, please visit: http://seleniumhq.org/exceptions/no_such_element.html
Build info: version: '2.53.1', revision: 'a36b8b1cd5757287168e54b817830adce9b0158d', time: '2016-06-30 19:26:09'
System info: host: 'MININT-UM25UFB', ip: '10.0.75.1', os.name: 'Windows 10', os.arch: 'amd64', os.version: '10.0', java.version: '1.8.0_261'
Driver info: org.openqa.selenium.chrome.ChromeDriver
Capabilities [{mobileEmulationEnabled=false, timeouts={implicit=0, pageLoad=300000, script=30000}, hasTouchScreen=false, platform=XP, acceptSslCerts=false, goog:chromeOptions={debuggerAddress=localhost:54538}, acceptInsecureCerts=false, webStorageEnabled=true, browserName=chrome, takesScreenshot=true, javascriptEnabled=true, setWindowRect=true, unexpectedAlertBehaviour=ignore, applicationCacheEnabled=false, rotatable=false, networkConnectionEnabled=false, chrome={chromedriverVersion=85.0.4183.87 (cd6713ebf92fa1cacc0f1a598df280093af0c5d7-refs/branch-heads/4183@{#1689}), userDataDir=C:\Users\Rajesh\AppData\Local\Temp\scoped_dir7596_1800887352}, takesHeapSnapshot=true, pageLoadStrategy=normal, strictFileInteractability=false, databaseEnabled=false, handlesAlerts=true, version=85.0.4183.121, browserConnectionEnabled=false, proxy={}, nativeEvents=true, locationContextEnabled=true, cssSelectorsEnabled=true, webauthn:virtualAuthenticators=true}]
Session ID: 6d3ffd434a09cec21481eca0195a5c55
*** Element info: {Using=id, value=ctl00_cphContent_btnClearCart}
at sun.reflect.NativeConstructorAccessorImpl.newInstance0(Native Method)
at sun.reflect.NativeConstructorAccessorImpl.newInstance(NativeConstructorAccessorImpl.java:62)
at sun.reflect.DelegatingConstructorAccessorImpl.newInstance(DelegatingConstructorAccessorImpl.java:45)
at java.lang.reflect.Constructor.newInstance(Constructor.java:423)
at org.openqa.selenium.remote.ErrorHandler.createThrowable(ErrorHandler.java:206)
at org.openqa.selenium.remote.ErrorHandler.throwIfResponseFailed(ErrorHandler.java:158)
at org.openqa.selenium.remote.RemoteWebDriver.execute(RemoteWebDriver.java:678)
at org.openqa.selenium.remote.RemoteWebDriver.findElement(RemoteWebDriver.java:363)
at org.openqa.selenium.remote.RemoteWebDriver.findElementById(RemoteWebDriver.java:413)
at org.openqa.selenium.By$ById.findElement(By.java:218)
at org.openqa.selenium.remote.RemoteWebDriver.findElement(RemoteWebDriver.java:355)
at org.openqa.selenium.support.pagefactory.DefaultElementLocator.findElement(DefaultElementLocator.java:69)
at org.openqa.selenium.support.pagefactory.internal.LocatingElementHandler.invoke(LocatingElementHandler.java:38)
at com.sun.proxy.$Proxy9.click(Unknown Source)
at com.dollardays.pages.AddToCartPage.clearcart(AddToCartPage.java:452)
at com.dollardays.testcases.AddToCartPPETestcase.TC_04_validate_the_user_is_able_to_add_multiple_items_from_PPE_and_Mask_page_and_verify_shopping_cart(AddToCartPPETestcase.java:149)
at sun.reflect.NativeMethodAccessorImpl.invoke0(Native Method)
at sun.reflect.NativeMethodAccessorImpl.invoke(NativeMethodAccessorImpl.java:62)
at sun.reflect.DelegatingMethodAccessorImpl.invoke(DelegatingMethodAccessorImpl.java:43)
at java.lang.reflect.Method.invoke(Method.java:498)
at org.testng.internal.MethodInvocationHelper.invokeMethod(MethodInvocationHelper.java:132)
at org.testng.internal.TestInvoker.invokeMethod(TestInvoker.java:599)
at org.testng.internal.TestInvoker.invokeTestMethod(TestInvoker.java:174)
at org.testng.internal.MethodRunner.runInSequence(MethodRunner.java:46)
at org.testng.internal.TestInvoker$MethodInvocationAgent.invoke(TestInvoker.java:822)
at org.testng.internal.TestInvoker.invokeTestMethods(TestInvoker.java:147)
at org.testng.internal.TestMethodWorker.invokeTestMethods(TestMethodWorker.java:146)
at org.testng.internal.TestMethodWorker.run(TestMethodWorker.java:128)
at java.util.concurrent.ThreadPoolExecutor.runWorker(ThreadPoolExecutor.java:1149)
at java.util.concurrent.ThreadPoolExecutor$Worker.run(ThreadPoolExecutor.java:624)
at java.lang.Thread.run(Thread.java:748)
]]>
    </error>
  </testcase> <!-- TC_04_validate_the_user_is_able_to_add_multiple_items_from_PPE_and_Mask_page_and_verify_shopping_cart -->
  <system-out/>
  <testcase name="TC_07_Validate_the_case_quantity_text_box_with_zero_value_and_verify_the_shopping_cart_page" time="42.069" classname="com.dollardays.testcases.AddToCartPPETestcase"/>
  <system-out/>
  <testcase name="TC_10_Validate_the_cart_when_the_user_signoff_and_signin_with_valid_credentials" time="39.560" classname="com.dollardays.testcases.AddToCartPPETestcase"/>
  <system-out/>
  <testcase name="TC_06_Validate_the_case_quantity_text_box_with_valid_data_in_the_shopping_cart_page" time="42.551" classname="com.dollardays.testcases.AddToCartPPETestcase"/>
  <system-out/>
  <testcase name="TC_03_Validate_the_user_is_able_to_add_one_item_to_the_cart_from_PPE_and_Mask_category_and_verify_cart_icon" time="41.524" classname="com.dollardays.testcases.AddToCartPPETestcase"/>
  <system-out/>
</testsuite> <!-- com.dollardays.testcases.AddToCartPPETestcase -->
