<?xml version="1.0" encoding="UTF-8"?>
<!-- Generated by org.testng.reporters.JUnitReportReporter -->
<testsuite skipped="15" hostname="MININT-UM25UFB" name="com.dollardays.testcases.AddToCartTestcase" tests="26" failures="0" timestamp="2020-09-22T08:28:22 EDT" time="538.012" errors="2">
  <testcase name="TC_09_Validate_the_case_quantity_text_box_with_boundary_value_in_the_shopping_cart_page" time="49.147" classname="com.dollardays.testcases.AddToCartTestcase"/>
  <system-out/>
  <testcase name="TC_16_ValidateAddToCart_BuyNow_3PlyFaceMask" time="34.118" classname="com.dollardays.testcases.AddToCartTestcase">
    <skipped/>
  </testcase> <!-- TC_16_ValidateAddToCart_BuyNow_3PlyFaceMask -->
  <system-out/>
  <testcase name="TC_18_ValidateAddToCartFromSearchbarWithnoData" time="33.204" classname="com.dollardays.testcases.AddToCartTestcase">
    <skipped/>
  </testcase> <!-- TC_18_ValidateAddToCartFromSearchbarWithnoData -->
  <system-out/>
  <testcase name="TC_22_addtocartvalidate" time="40.803" classname="com.dollardays.testcases.AddToCartTestcase">
    <skipped/>
  </testcase> <!-- TC_22_addtocartvalidate -->
  <system-out/>
  <testcase name="TC_02_validate_the_user_is_able_to_add_one_item_from_ppe_category_throught_product_page_and_verify_cart_icon" time="50.238" classname="com.dollardays.testcases.AddToCartTestcase"/>
  <system-out/>
  <testcase name="quit" time="30.889" classname="com.dollardays.testcases.AddToCartTestcase">
    <error type="org.openqa.selenium.WebDriverException" message="chrome not reachable
  (Session info: chrome=85.0.4183.102)
  (Driver info: chromedriver=85.0.4183.87 (cd6713ebf92fa1cacc0f1a598df280093af0c5d7-refs/branch-heads/4183@{#1689}),platform=Windows NT 10.0.18362 x86_64) (WARNING: The server did not provide any stacktrace information)
Command duration or timeout: 241 milliseconds
Build info: version: &#039;2.53.1&#039;, revision: &#039;a36b8b1cd5757287168e54b817830adce9b0158d&#039;, time: &#039;2016-06-30 19:26:09&#039;
System info: host: &#039;MININT-UM25UFB&#039;, ip: &#039;10.0.75.1&#039;, os.name: &#039;Windows 10&#039;, os.arch: &#039;amd64&#039;, os.version: &#039;10.0&#039;, java.version: &#039;1.8.0_261&#039;
Driver info: org.openqa.selenium.chrome.ChromeDriver
Capabilities [{mobileEmulationEnabled=false, timeouts={implicit=0, pageLoad=300000, script=30000}, hasTouchScreen=false, platform=XP, acceptSslCerts=false, goog:chromeOptions={debuggerAddress=localhost:51773}, acceptInsecureCerts=false, webStorageEnabled=true, browserName=chrome, takesScreenshot=true, javascriptEnabled=true, setWindowRect=true, unexpectedAlertBehaviour=ignore, applicationCacheEnabled=false, rotatable=false, networkConnectionEnabled=false, chrome={chromedriverVersion=85.0.4183.87 (cd6713ebf92fa1cacc0f1a598df280093af0c5d7-refs/branch-heads/4183@{#1689}), userDataDir=C:\Users\Rajesh\AppData\Local\Temp\scoped_dir15128_1216791117}, takesHeapSnapshot=true, pageLoadStrategy=normal, strictFileInteractability=false, databaseEnabled=false, handlesAlerts=true, version=85.0.4183.102, browserConnectionEnabled=false, proxy={}, nativeEvents=true, locationContextEnabled=true, cssSelectorsEnabled=true, webauthn:virtualAuthenticators=true}]
Session ID: 2bf989bdce63bb73826e41b98604b18c">
      <![CDATA[org.openqa.selenium.WebDriverException: chrome not reachable
  (Session info: chrome=85.0.4183.102)
  (Driver info: chromedriver=85.0.4183.87 (cd6713ebf92fa1cacc0f1a598df280093af0c5d7-refs/branch-heads/4183@{#1689}),platform=Windows NT 10.0.18362 x86_64) (WARNING: The server did not provide any stacktrace information)
Command duration or timeout: 241 milliseconds
Build info: version: '2.53.1', revision: 'a36b8b1cd5757287168e54b817830adce9b0158d', time: '2016-06-30 19:26:09'
System info: host: 'MININT-UM25UFB', ip: '10.0.75.1', os.name: 'Windows 10', os.arch: 'amd64', os.version: '10.0', java.version: '1.8.0_261'
Driver info: org.openqa.selenium.chrome.ChromeDriver
Capabilities [{mobileEmulationEnabled=false, timeouts={implicit=0, pageLoad=300000, script=30000}, hasTouchScreen=false, platform=XP, acceptSslCerts=false, goog:chromeOptions={debuggerAddress=localhost:51773}, acceptInsecureCerts=false, webStorageEnabled=true, browserName=chrome, takesScreenshot=true, javascriptEnabled=true, setWindowRect=true, unexpectedAlertBehaviour=ignore, applicationCacheEnabled=false, rotatable=false, networkConnectionEnabled=false, chrome={chromedriverVersion=85.0.4183.87 (cd6713ebf92fa1cacc0f1a598df280093af0c5d7-refs/branch-heads/4183@{#1689}), userDataDir=C:\Users\Rajesh\AppData\Local\Temp\scoped_dir15128_1216791117}, takesHeapSnapshot=true, pageLoadStrategy=normal, strictFileInteractability=false, databaseEnabled=false, handlesAlerts=true, version=85.0.4183.102, browserConnectionEnabled=false, proxy={}, nativeEvents=true, locationContextEnabled=true, cssSelectorsEnabled=true, webauthn:virtualAuthenticators=true}]
Session ID: 2bf989bdce63bb73826e41b98604b18c
at sun.reflect.NativeConstructorAccessorImpl.newInstance0(Native Method)
at sun.reflect.NativeConstructorAccessorImpl.newInstance(NativeConstructorAccessorImpl.java:62)
at sun.reflect.DelegatingConstructorAccessorImpl.newInstance(DelegatingConstructorAccessorImpl.java:45)
at java.lang.reflect.Constructor.newInstance(Constructor.java:423)
at org.openqa.selenium.remote.ErrorHandler.createThrowable(ErrorHandler.java:206)
at org.openqa.selenium.remote.ErrorHandler.throwIfResponseFailed(ErrorHandler.java:158)
at org.openqa.selenium.remote.RemoteWebDriver.execute(RemoteWebDriver.java:678)
at org.openqa.selenium.remote.RemoteWebDriver.execute(RemoteWebDriver.java:701)
at org.openqa.selenium.remote.RemoteWebDriver.close(RemoteWebDriver.java:521)
at com.dollardays.testcases.BaseTest.quit(BaseTest.java:106)
at sun.reflect.NativeMethodAccessorImpl.invoke0(Native Method)
at sun.reflect.NativeMethodAccessorImpl.invoke(NativeMethodAccessorImpl.java:62)
at sun.reflect.DelegatingMethodAccessorImpl.invoke(DelegatingMethodAccessorImpl.java:43)
at java.lang.reflect.Method.invoke(Method.java:498)
at org.testng.internal.MethodInvocationHelper.invokeMethod(MethodInvocationHelper.java:132)
at org.testng.internal.MethodInvocationHelper.invokeMethodConsideringTimeout(MethodInvocationHelper.java:61)
at org.testng.internal.ConfigInvoker.invokeConfigurationMethod(ConfigInvoker.java:366)
at org.testng.internal.ConfigInvoker.invokeConfigurations(ConfigInvoker.java:320)
at org.testng.internal.TestInvoker.runConfigMethods(TestInvoker.java:701)
at org.testng.internal.TestInvoker.runAfterGroupsConfigurations(TestInvoker.java:677)
at org.testng.internal.TestInvoker.invokeMethod(TestInvoker.java:661)
at org.testng.internal.TestInvoker.invokeTestMethod(TestInvoker.java:174)
at org.testng.internal.MethodRunner.runInSequence(MethodRunner.java:46)
at org.testng.internal.TestInvoker$MethodInvocationAgent.invoke(TestInvoker.java:822)
at org.testng.internal.TestInvoker.invokeTestMethods(TestInvoker.java:147)
at org.testng.internal.TestMethodWorker.invokeTestMethods(TestMethodWorker.java:146)
at org.testng.internal.TestMethodWorker.run(TestMethodWorker.java:128)
at java.util.ArrayList.forEach(ArrayList.java:1259)
at org.testng.TestRunner.privateRun(TestRunner.java:764)
at org.testng.TestRunner.run(TestRunner.java:585)
at org.testng.SuiteRunner.runTest(SuiteRunner.java:384)
at org.testng.SuiteRunner.runSequentially(SuiteRunner.java:378)
at org.testng.SuiteRunner.privateRun(SuiteRunner.java:337)
at org.testng.SuiteRunner.run(SuiteRunner.java:286)
at org.testng.SuiteRunnerWorker.runSuite(SuiteRunnerWorker.java:53)
at org.testng.SuiteRunnerWorker.run(SuiteRunnerWorker.java:96)
at org.testng.TestNG.runSuitesSequentially(TestNG.java:1218)
at org.testng.TestNG.runSuitesLocally(TestNG.java:1140)
at org.testng.TestNG.runSuites(TestNG.java:1069)
at org.testng.TestNG.run(TestNG.java:1037)
at org.testng.remote.AbstractRemoteTestNG.run(AbstractRemoteTestNG.java:115)
at org.testng.remote.RemoteTestNG.initAndRun(RemoteTestNG.java:251)
at org.testng.remote.RemoteTestNG.main(RemoteTestNG.java:77)
]]>
    </error>
  </testcase> <!-- quit -->
  <system-out/>
  <testcase name="TC_21_addtocartvalidate" time="34.047" classname="com.dollardays.testcases.AddToCartTestcase">
    <skipped/>
  </testcase> <!-- TC_21_addtocartvalidate -->
  <system-out/>
  <testcase name="TC_15_ValidateAddToCart_BuyNow_smallercasepacks" time="33.811" classname="com.dollardays.testcases.AddToCartTestcase">
    <skipped/>
  </testcase> <!-- TC_15_ValidateAddToCart_BuyNow_smallercasepacks -->
  <system-out/>
  <testcase name="TC_06_Validate_the_case_quantity_text_box_with_valid_data_in_the_shopping_cart_page" time="52.401" classname="com.dollardays.testcases.AddToCartTestcase"/>
  <system-out/>
  <testcase name="TC_19_ValidateAddToCartFromSearchbarWithValidData" time="28.593" classname="com.dollardays.testcases.AddToCartTestcase">
    <skipped/>
  </testcase> <!-- TC_19_ValidateAddToCartFromSearchbarWithValidData -->
  <system-out/>
  <testcase name="TC_08_Validate_the_case_quantity_text_box_with_invalid_data_in_the_shopping_cart_page" time="15.837" classname="com.dollardays.testcases.AddToCartTestcase"/>
  <system-out/>
  <testcase name="TC_05_Validate_update_cart_hyper_link_in_the_shopping_cart_page" time="31.765" classname="com.dollardays.testcases.AddToCartTestcase"/>
  <system-out/>
  <testcase name="TC_13_validate_no_of_cases_textbox_with_zero" time="0.000" classname="com.dollardays.testcases.AddToCartTestcase">
    <skipped/>
  </testcase> <!-- TC_13_validate_no_of_cases_textbox_with_zero -->
  <system-out/>
  <testcase name="TC_24_addtocartvalidate_shopallbtn_clickonimage" time="0.000" classname="com.dollardays.testcases.AddToCartTestcase">
    <skipped/>
  </testcase> <!-- TC_24_addtocartvalidate_shopallbtn_clickonimage -->
  <system-out/>
  <testcase name="TC_11_validate_no_of_cases_textbox_with_valid_data" time="0.000" classname="com.dollardays.testcases.AddToCartTestcase">
    <skipped/>
  </testcase> <!-- TC_11_validate_no_of_cases_textbox_with_valid_data -->
  <system-out/>
  <testcase name="TC_25_addtocartvalidate_clickonimage" time="0.000" classname="com.dollardays.testcases.AddToCartTestcase">
    <skipped/>
  </testcase> <!-- TC_25_addtocartvalidate_clickonimage -->
  <system-out/>
  <testcase name="TC_17_ValidateAddToCart_BuyNow_PremiumAlcoholWipes" time="0.000" classname="com.dollardays.testcases.AddToCartTestcase">
    <skipped/>
  </testcase> <!-- TC_17_ValidateAddToCart_BuyNow_PremiumAlcoholWipes -->
  <system-out/>
  <testcase name="TC_07_Validate_the_case_quantity_text_box_with_zero_value_and_verify_the_shopping_cart_page" time="18.674" classname="com.dollardays.testcases.AddToCartTestcase"/>
  <system-out/>
  <testcase name="TC_12_Validate_the_number_of_case_text_box_in_the_product_page" time="0.000" classname="com.dollardays.testcases.AddToCartTestcase">
    <skipped/>
  </testcase> <!-- TC_12_Validate_the_number_of_case_text_box_in_the_product_page -->
  <system-out/>
  <testcase name="TC_04_validate_the_user_is_able_to_add_multiple_items_from_PPE_and_Mask_page_and_verify_shopping_cart" time="36.001" classname="com.dollardays.testcases.AddToCartTestcase"/>
  <system-out/>
  <testcase name="TC_20_Validate_addtocart_by_clicking_on_buy_nowbutton_from_adv_banner_without_login" time="0.000" classname="com.dollardays.testcases.AddToCartTestcase">
    <skipped/>
  </testcase> <!-- TC_20_Validate_addtocart_by_clicking_on_buy_nowbutton_from_adv_banner_without_login -->
  <system-out/>
  <testcase name="TC_10_Validate_the_cart_when_the_user_signoff_and_signin_with_valid_credentials" time="13.079" classname="com.dollardays.testcases.AddToCartTestcase">
    <error type="org.openqa.selenium.WebDriverException" message="chrome not reachable
  (Session info: chrome=85.0.4183.102)
  (Driver info: chromedriver=85.0.4183.87 (cd6713ebf92fa1cacc0f1a598df280093af0c5d7-refs/branch-heads/4183@{#1689}),platform=Windows NT 10.0.18362 x86_64) (WARNING: The server did not provide any stacktrace information)
Command duration or timeout: 12.08 seconds
Build info: version: &#039;2.53.1&#039;, revision: &#039;a36b8b1cd5757287168e54b817830adce9b0158d&#039;, time: &#039;2016-06-30 19:26:09&#039;
System info: host: &#039;MININT-UM25UFB&#039;, ip: &#039;10.0.75.1&#039;, os.name: &#039;Windows 10&#039;, os.arch: &#039;amd64&#039;, os.version: &#039;10.0&#039;, java.version: &#039;1.8.0_261&#039;
Driver info: org.openqa.selenium.chrome.ChromeDriver
Capabilities [{mobileEmulationEnabled=false, timeouts={implicit=0, pageLoad=300000, script=30000}, hasTouchScreen=false, platform=XP, acceptSslCerts=false, goog:chromeOptions={debuggerAddress=localhost:51773}, acceptInsecureCerts=false, webStorageEnabled=true, browserName=chrome, takesScreenshot=true, javascriptEnabled=true, setWindowRect=true, unexpectedAlertBehaviour=ignore, applicationCacheEnabled=false, rotatable=false, networkConnectionEnabled=false, chrome={chromedriverVersion=85.0.4183.87 (cd6713ebf92fa1cacc0f1a598df280093af0c5d7-refs/branch-heads/4183@{#1689}), userDataDir=C:\Users\Rajesh\AppData\Local\Temp\scoped_dir15128_1216791117}, takesHeapSnapshot=true, pageLoadStrategy=normal, strictFileInteractability=false, databaseEnabled=false, handlesAlerts=true, version=85.0.4183.102, browserConnectionEnabled=false, proxy={}, nativeEvents=true, locationContextEnabled=true, cssSelectorsEnabled=true, webauthn:virtualAuthenticators=true}]
Session ID: 2bf989bdce63bb73826e41b98604b18c
*** Element info: {Using=xpath, value=//img[@class=&#039;header-user&#039;]}">
      <![CDATA[org.openqa.selenium.WebDriverException: chrome not reachable
  (Session info: chrome=85.0.4183.102)
  (Driver info: chromedriver=85.0.4183.87 (cd6713ebf92fa1cacc0f1a598df280093af0c5d7-refs/branch-heads/4183@{#1689}),platform=Windows NT 10.0.18362 x86_64) (WARNING: The server did not provide any stacktrace information)
Command duration or timeout: 12.08 seconds
Build info: version: '2.53.1', revision: 'a36b8b1cd5757287168e54b817830adce9b0158d', time: '2016-06-30 19:26:09'
System info: host: 'MININT-UM25UFB', ip: '10.0.75.1', os.name: 'Windows 10', os.arch: 'amd64', os.version: '10.0', java.version: '1.8.0_261'
Driver info: org.openqa.selenium.chrome.ChromeDriver
Capabilities [{mobileEmulationEnabled=false, timeouts={implicit=0, pageLoad=300000, script=30000}, hasTouchScreen=false, platform=XP, acceptSslCerts=false, goog:chromeOptions={debuggerAddress=localhost:51773}, acceptInsecureCerts=false, webStorageEnabled=true, browserName=chrome, takesScreenshot=true, javascriptEnabled=true, setWindowRect=true, unexpectedAlertBehaviour=ignore, applicationCacheEnabled=false, rotatable=false, networkConnectionEnabled=false, chrome={chromedriverVersion=85.0.4183.87 (cd6713ebf92fa1cacc0f1a598df280093af0c5d7-refs/branch-heads/4183@{#1689}), userDataDir=C:\Users\Rajesh\AppData\Local\Temp\scoped_dir15128_1216791117}, takesHeapSnapshot=true, pageLoadStrategy=normal, strictFileInteractability=false, databaseEnabled=false, handlesAlerts=true, version=85.0.4183.102, browserConnectionEnabled=false, proxy={}, nativeEvents=true, locationContextEnabled=true, cssSelectorsEnabled=true, webauthn:virtualAuthenticators=true}]
Session ID: 2bf989bdce63bb73826e41b98604b18c
*** Element info: {Using=xpath, value=//img[@class='header-user']}
at sun.reflect.NativeConstructorAccessorImpl.newInstance0(Native Method)
at sun.reflect.NativeConstructorAccessorImpl.newInstance(NativeConstructorAccessorImpl.java:62)
at sun.reflect.DelegatingConstructorAccessorImpl.newInstance(DelegatingConstructorAccessorImpl.java:45)
at java.lang.reflect.Constructor.newInstance(Constructor.java:423)
at org.openqa.selenium.remote.ErrorHandler.createThrowable(ErrorHandler.java:206)
at org.openqa.selenium.remote.ErrorHandler.throwIfResponseFailed(ErrorHandler.java:158)
at org.openqa.selenium.remote.RemoteWebDriver.execute(RemoteWebDriver.java:678)
at org.openqa.selenium.remote.RemoteWebDriver.findElement(RemoteWebDriver.java:363)
at org.openqa.selenium.remote.RemoteWebDriver.findElementByXPath(RemoteWebDriver.java:500)
at org.openqa.selenium.By$ByXPath.findElement(By.java:361)
at org.openqa.selenium.remote.RemoteWebDriver.findElement(RemoteWebDriver.java:355)
at org.openqa.selenium.support.pagefactory.DefaultElementLocator.findElement(DefaultElementLocator.java:69)
at org.openqa.selenium.support.pagefactory.internal.LocatingElementHandler.invoke(LocatingElementHandler.java:38)
at com.sun.proxy.$Proxy9.click(Unknown Source)
at com.dollardays.pages.LoginPage.login(LoginPage.java:74)
at com.dollardays.testcases.AddToCartTestcase.TC_10_Validate_the_cart_when_the_user_signoff_and_signin_with_valid_credentials(AddToCartTestcase.java:509)
at sun.reflect.NativeMethodAccessorImpl.invoke0(Native Method)
at sun.reflect.NativeMethodAccessorImpl.invoke(NativeMethodAccessorImpl.java:62)
at sun.reflect.DelegatingMethodAccessorImpl.invoke(DelegatingMethodAccessorImpl.java:43)
at java.lang.reflect.Method.invoke(Method.java:498)
at org.testng.internal.MethodInvocationHelper.invokeMethod(MethodInvocationHelper.java:132)
at org.testng.internal.TestInvoker.invokeMethod(TestInvoker.java:599)
at org.testng.internal.TestInvoker.invokeTestMethod(TestInvoker.java:174)
at org.testng.internal.MethodRunner.runInSequence(MethodRunner.java:46)
at org.testng.internal.TestInvoker$MethodInvocationAgent.invoke(TestInvoker.java:822)
at org.testng.internal.TestInvoker.invokeTestMethods(TestInvoker.java:147)
at org.testng.internal.TestMethodWorker.invokeTestMethods(TestMethodWorker.java:146)
at org.testng.internal.TestMethodWorker.run(TestMethodWorker.java:128)
at java.util.ArrayList.forEach(ArrayList.java:1259)
at org.testng.TestRunner.privateRun(TestRunner.java:764)
at org.testng.TestRunner.run(TestRunner.java:585)
at org.testng.SuiteRunner.runTest(SuiteRunner.java:384)
at org.testng.SuiteRunner.runSequentially(SuiteRunner.java:378)
at org.testng.SuiteRunner.privateRun(SuiteRunner.java:337)
at org.testng.SuiteRunner.run(SuiteRunner.java:286)
at org.testng.SuiteRunnerWorker.runSuite(SuiteRunnerWorker.java:53)
at org.testng.SuiteRunnerWorker.run(SuiteRunnerWorker.java:96)
at org.testng.TestNG.runSuitesSequentially(TestNG.java:1218)
at org.testng.TestNG.runSuitesLocally(TestNG.java:1140)
at org.testng.TestNG.runSuites(TestNG.java:1069)
at org.testng.TestNG.run(TestNG.java:1037)
at org.testng.remote.AbstractRemoteTestNG.run(AbstractRemoteTestNG.java:115)
at org.testng.remote.RemoteTestNG.initAndRun(RemoteTestNG.java:251)
at org.testng.remote.RemoteTestNG.main(RemoteTestNG.java:77)
]]>
    </error>
  </testcase> <!-- TC_10_Validate_the_cart_when_the_user_signoff_and_signin_with_valid_credentials -->
  <system-out/>
  <testcase name="TC_14_validate_no_of_cases_textbox_with_character" time="0.000" classname="com.dollardays.testcases.AddToCartTestcase">
    <skipped/>
  </testcase> <!-- TC_14_validate_no_of_cases_textbox_with_character -->
  <system-out/>
  <testcase name="TC_01_validate_clear_cart_hyperlink_in_the_shopping_cart_page" time="11.020" classname="com.dollardays.testcases.AddToCartTestcase"/>
  <system-out/>
  <testcase name="TC_03_Validate_the_user_is_able_to_add_one_item_to_the_cart_from_PPE_and_Mask_category_and_verify_cart_icon" time="24.385" classname="com.dollardays.testcases.AddToCartTestcase"/>
  <system-out/>
  <testcase name="TC_23_addtocartvalidate" time="0.000" classname="com.dollardays.testcases.AddToCartTestcase">
    <skipped/>
  </testcase> <!-- TC_23_addtocartvalidate -->
  <system-out/>
</testsuite> <!-- com.dollardays.testcases.AddToCartTestcase -->
